

Processing PrayersController#index (for 127.0.0.1 at 2010-04-01 08:01:46) [GET]
  Parameters: {"action"=>"index", "controller"=>"prayers"}
Redirected to http://localhost:3000/login
Filter chain halted as [:require_login] rendered_or_redirected.
Completed in 55ms (DB: 0) | 302 Found [http://localhost/]


Processing UserSessionsController#new (for 127.0.0.1 at 2010-04-01 08:01:46) [GET]
  Parameters: {"action"=>"new", "controller"=>"user_sessions"}
Rendering template within layouts/application
Rendering user_sessions/new
Rendered layouts/_header (4.6ms)
Rendered layouts/_footer (0.7ms)
Completed in 42ms (View: 30, DB: 0) | 200 OK [http://localhost/login]


Processing UsersController#new (for 127.0.0.1 at 2010-04-01 08:01:48) [GET]
  Parameters: {"action"=>"new", "controller"=>"users"}
Rendering template within layouts/application
Rendering users/new
Rendered layouts/_header (3.3ms)
Rendered layouts/_footer (0.2ms)
Completed in 25ms (View: 15, DB: 0) | 200 OK [http://localhost/register]


Processing UserSessionsController#new (for 127.0.0.1 at 2010-04-01 08:01:49) [GET]
  Parameters: {"action"=>"new", "controller"=>"user_sessions"}
Rendering template within layouts/application
Rendering user_sessions/new
Rendered layouts/_header (1.5ms)
Rendered layouts/_footer (0.2ms)
Completed in 17ms (View: 5, DB: 0) | 200 OK [http://localhost/login]


Processing UserSessionsController#create (for 127.0.0.1 at 2010-04-01 08:02:01) [POST]
  Parameters: {"commit"=>"Login", "user_session"=>{"password"=>"[FILTERED]", "email"=>"brandon@melissa-brandon.com"}, "action"=>"create", "authenticity_token"=>"UFX/CjF0H9V1l5w1n9IYzJdkJH8OtdfmRQypCluo7EA=", "controller"=>"user_sessions"}
  [4;36;1mUser Load (0.5ms)[0m   [0;1mSELECT * FROM "users" WHERE (LOWER("users".email) = 'brandon@melissa-brandon.com') ORDER BY created_at DESC LIMIT 1[0m
  [4;35;1mUser Update (0.3ms)[0m   [0mUPDATE "users" SET "login_count" = 7, "updated_at" = '2010-04-01 15:02:02', "perishable_token" = '07gFs0Wi7uJcDAXbIyOh', "last_request_at" = '2010-04-01 15:02:02' WHERE "id" = 4[0m
[paperclip] Saving attachments.
Redirected to http://localhost:3000/
Completed in 317ms (DB: 1) | 302 Found [http://localhost/user_sessions]


Processing PrayersController#index (for 127.0.0.1 at 2010-04-01 08:02:02) [GET]
  Parameters: {"action"=>"index", "controller"=>"prayers"}
  [4;36;1mUser Load (0.3ms)[0m   [0;1mSELECT * FROM "users" WHERE ("users"."id" = '4') ORDER BY created_at DESC LIMIT 1[0m
  [4;35;1mUser Update (0.2ms)[0m   [0mUPDATE "users" SET "updated_at" = '2010-04-01 15:02:02', "perishable_token" = 'JlZQPJLtnEK1C3w66AIU', "last_request_at" = '2010-04-01 15:02:02' WHERE "id" = 4[0m
[paperclip] Saving attachments.
  [4;36;1mPrayer Load (0.5ms)[0m   [0;1mSELECT * FROM "prayers" WHERE (prayer like '%%' AND answered like 'f' AND private = 'f') AND ("prayers"."private" = 'f') ORDER BY created_at DESC LIMIT 10 OFFSET 0[0m
Rendering template within layouts/application
Rendering prayers/index
Rendered prayers/_search (9.2ms)
  [4;35;1mSQL (0.2ms)[0m   [0mSELECT count(*) AS count_all FROM "reminders" WHERE ("reminders".user_id = 4) [0m
  [4;36;1mReminder Load (0.3ms)[0m   [0;1mSELECT * FROM "reminders" WHERE ("reminders".user_id = 4) ORDER BY created_at DESC LIMIT 5[0m
  [4;35;1mPrayer Load (0.2ms)[0m   [0mSELECT * FROM "prayers" WHERE ("prayers"."id" = 25) AND ("prayers"."private" = 'f') ORDER BY created_at DESC LIMIT 10[0m
  [4;36;1mPrayer Load (0.2ms)[0m   [0;1mSELECT * FROM "prayers" WHERE ("prayers"."id" = 24) AND ("prayers"."private" = 'f') ORDER BY created_at DESC LIMIT 10[0m
Rendered reminders/_list_short (3.3ms)
Rendered reminders/_box (17.0ms)
Rendered prayers/_form (5.0ms)
  [4;35;1mUser Load (0.4ms)[0m   [0mSELECT * FROM "users" WHERE ("users"."id" = 4) ORDER BY created_at DESC[0m
Rendered prayers/_prayer (3.2ms)
  [4;36;1mCACHE (0.0ms)[0m   [0;1mSELECT * FROM "users" WHERE ("users"."id" = 4) ORDER BY created_at DESC[0m
Rendered prayers/_prayer (1.1ms)
Rendered layouts/_header (1.4ms)
Rendered layouts/_footer (0.2ms)
Completed in 171ms (View: 121, DB: 2) | 200 OK [http://localhost/]


Processing UsersController#edit (for 127.0.0.1 at 2010-04-01 08:02:05) [GET]
  Parameters: {"action"=>"edit", "controller"=>"users"}
  [4;35;1mUser Load (0.3ms)[0m   [0mSELECT * FROM "users" WHERE ("users"."id" = '4') ORDER BY created_at DESC LIMIT 1[0m
  [4;36;1mUser Update (0.2ms)[0m   [0;1mUPDATE "users" SET "updated_at" = '2010-04-01 15:02:05', "perishable_token" = 'WEwjVeh30ljSmZsruo_D', "last_request_at" = '2010-04-01 15:02:05' WHERE "id" = 4[0m
[paperclip] Saving attachments.
Rendering template within layouts/application
Rendering users/edit
Rendered users/_settings (0.6ms)
Rendered layouts/_header (1.4ms)
Rendered layouts/_footer (0.2ms)
Completed in 36ms (View: 16, DB: 1) | 200 OK [http://localhost/account]


Processing PrayersController#index (for 127.0.0.1 at 2010-04-01 08:02:08) [GET]
  Parameters: {"action"=>"index", "controller"=>"prayers"}
  [4;35;1mUser Load (0.4ms)[0m   [0mSELECT * FROM "users" WHERE ("users"."id" = '4') ORDER BY created_at DESC LIMIT 1[0m
  [4;36;1mUser Update (0.3ms)[0m   [0;1mUPDATE "users" SET "updated_at" = '2010-04-01 15:02:08', "perishable_token" = 'm2PfLqPapHdwYSHOSGud', "last_request_at" = '2010-04-01 15:02:08' WHERE "id" = 4[0m
[paperclip] Saving attachments.
  [4;35;1mPrayer Load (0.4ms)[0m   [0mSELECT * FROM "prayers" WHERE (prayer like '%%' AND answered like 'f' AND private = 'f') AND ("prayers"."private" = 'f') ORDER BY created_at DESC LIMIT 10 OFFSET 0[0m
Rendering template within layouts/application
Rendering prayers/index
Rendered prayers/_search (0.1ms)
  [4;36;1mSQL (0.1ms)[0m   [0;1mSELECT count(*) AS count_all FROM "reminders" WHERE ("reminders".user_id = 4) [0m
  [4;35;1mReminder Load (0.2ms)[0m   [0mSELECT * FROM "reminders" WHERE ("reminders".user_id = 4) ORDER BY created_at DESC LIMIT 5[0m
  [4;36;1mPrayer Load (0.2ms)[0m   [0;1mSELECT * FROM "prayers" WHERE ("prayers"."id" = 25) AND ("prayers"."private" = 'f') ORDER BY created_at DESC LIMIT 10[0m
  [4;35;1mPrayer Load (0.2ms)[0m   [0mSELECT * FROM "prayers" WHERE ("prayers"."id" = 24) AND ("prayers"."private" = 'f') ORDER BY created_at DESC LIMIT 10[0m
Rendered reminders/_list_short (2.5ms)
Rendered reminders/_box (6.6ms)
Rendered prayers/_form (1.4ms)
  [4;36;1mUser Load (0.3ms)[0m   [0;1mSELECT * FROM "users" WHERE ("users"."id" = 4) ORDER BY created_at DESC[0m
Rendered prayers/_prayer (1.8ms)
  [4;35;1mCACHE (0.0ms)[0m   [0mSELECT * FROM "users" WHERE ("users"."id" = 4) ORDER BY created_at DESC[0m
Rendered prayers/_prayer (1.1ms)
Rendered layouts/_header (1.3ms)
Rendered layouts/_footer (0.2ms)
Completed in 39ms (View: 14, DB: 2) | 200 OK [http://localhost/prayers]


Processing StaticController#terms (for 127.0.0.1 at 2010-04-01 08:02:11) [GET]
  Parameters: {"action"=>"terms", "controller"=>"static"}
Rendering template within layouts/application
Rendering static/terms
  [4;36;1mUser Load (0.9ms)[0m   [0;1mSELECT * FROM "users" WHERE ("users"."id" = '4') ORDER BY created_at DESC LIMIT 1[0m
  [4;35;1mUser Update (0.3ms)[0m   [0mUPDATE "users" SET "updated_at" = '2010-04-01 15:02:11', "perishable_token" = 'C8hMFGH9nXbYQhEzneZO', "last_request_at" = '2010-04-01 15:02:11' WHERE "id" = 4[0m
[paperclip] Saving attachments.
Rendered layouts/_header (80.4ms)
Rendered layouts/_footer (0.2ms)
Completed in 91ms (View: 88, DB: 1) | 200 OK [http://localhost/terms]


Processing StaticController#privacy (for 127.0.0.1 at 2010-04-01 08:02:15) [GET]
  Parameters: {"action"=>"privacy", "controller"=>"static"}
Rendering template within layouts/application
Rendering static/privacy
  [4;36;1mUser Load (0.4ms)[0m   [0;1mSELECT * FROM "users" WHERE ("users"."id" = '4') ORDER BY created_at DESC LIMIT 1[0m
  [4;35;1mUser Update (0.4ms)[0m   [0mUPDATE "users" SET "updated_at" = '2010-04-01 15:02:15', "perishable_token" = 'sJ8d0PZtk-7Bi0bkYXdo', "last_request_at" = '2010-04-01 15:02:15' WHERE "id" = 4[0m
[paperclip] Saving attachments.
Rendered layouts/_header (77.9ms)
Rendered layouts/_footer (0.2ms)
Completed in 85ms (View: 82, DB: 1) | 200 OK [http://localhost/privacy]


Processing StaticController#support (for 127.0.0.1 at 2010-04-01 08:02:17) [GET]
  Parameters: {"action"=>"support", "controller"=>"static"}
Rendering template within layouts/application
Rendering static/support
Rendered static/_registration_email_body (0.4ms)
  [4;36;1mUser Load (0.4ms)[0m   [0;1mSELECT * FROM "users" WHERE ("users"."id" = '4') ORDER BY created_at DESC LIMIT 1[0m
  [4;35;1mUser Update (0.3ms)[0m   [0mUPDATE "users" SET "updated_at" = '2010-04-01 15:02:17', "perishable_token" = 'c4Qf8Xwb8ss7BehiaZHG', "last_request_at" = '2010-04-01 15:02:17' WHERE "id" = 4[0m
[paperclip] Saving attachments.
Rendered layouts/_header (22.3ms)
Rendered layouts/_footer (0.2ms)
Completed in 31ms (View: 29, DB: 1) | 200 OK [http://localhost/support]


Processing PrayersController#index (for 127.0.0.1 at 2010-04-01 08:02:20) [GET]
  Parameters: {"action"=>"index", "controller"=>"prayers"}
  [4;36;1mUser Load (0.4ms)[0m   [0;1mSELECT * FROM "users" WHERE ("users"."id" = '4') ORDER BY created_at DESC LIMIT 1[0m
  [4;35;1mUser Update (0.2ms)[0m   [0mUPDATE "users" SET "updated_at" = '2010-04-01 15:02:20', "perishable_token" = '2ZflGTCuDqFF_jsURSDT', "last_request_at" = '2010-04-01 15:02:20' WHERE "id" = 4[0m
[paperclip] Saving attachments.
  [4;36;1mPrayer Load (0.4ms)[0m   [0;1mSELECT * FROM "prayers" WHERE (prayer like '%%' AND answered like 'f' AND private = 'f') AND ("prayers"."private" = 'f') ORDER BY created_at DESC LIMIT 10 OFFSET 0[0m
Rendering template within layouts/application
Rendering prayers/index
Rendered prayers/_search (0.1ms)
  [4;35;1mSQL (0.1ms)[0m   [0mSELECT count(*) AS count_all FROM "reminders" WHERE ("reminders".user_id = 4) [0m
  [4;36;1mReminder Load (0.2ms)[0m   [0;1mSELECT * FROM "reminders" WHERE ("reminders".user_id = 4) ORDER BY created_at DESC LIMIT 5[0m
  [4;35;1mPrayer Load (0.2ms)[0m   [0mSELECT * FROM "prayers" WHERE ("prayers"."id" = 25) AND ("prayers"."private" = 'f') ORDER BY created_at DESC LIMIT 10[0m
  [4;36;1mPrayer Load (0.2ms)[0m   [0;1mSELECT * FROM "prayers" WHERE ("prayers"."id" = 24) AND ("prayers"."private" = 'f') ORDER BY created_at DESC LIMIT 10[0m
Rendered reminders/_list_short (2.7ms)
Rendered reminders/_box (6.6ms)
Rendered prayers/_form (1.5ms)
  [4;35;1mUser Load (0.3ms)[0m   [0mSELECT * FROM "users" WHERE ("users"."id" = 4) ORDER BY created_at DESC[0m
Rendered prayers/_prayer (1.9ms)
  [4;36;1mCACHE (0.0ms)[0m   [0;1mSELECT * FROM "users" WHERE ("users"."id" = 4) ORDER BY created_at DESC[0m
Rendered prayers/_prayer (1.1ms)
Rendered layouts/_header (1.4ms)
Rendered layouts/_footer (0.2ms)
Completed in 40ms (View: 14, DB: 2) | 200 OK [http://localhost/prayers]


Processing PrayersController#index (for 127.0.0.1 at 2010-04-01 08:12:31) [GET]
  Parameters: {"action"=>"index", "controller"=>"prayers", "search"=>"toror"}
  [4;35;1mUser Load (0.1ms)[0m   [0mSELECT * FROM "users" WHERE ("users"."id" = '3') ORDER BY created_at DESC LIMIT 1[0m
  [4;36;1mUser Load (0.3ms)[0m   [0;1mSELECT * FROM "users" WHERE ("users"."id" = 4) ORDER BY created_at DESC LIMIT 1[0m
  [4;35;1mUser Update (0.2ms)[0m   [0mUPDATE "users" SET "updated_at" = '2010-04-01 15:12:31', "perishable_token" = 'UToypMvFpGwO7bBCkQ1K', "last_request_at" = '2010-04-01 15:12:31' WHERE "id" = 4[0m
[paperclip] Saving attachments.
  [4;36;1mPrayer Load (0.2ms)[0m   [0;1mSELECT * FROM "prayers" WHERE (prayer like '%toror%' AND answered like 'f' AND private = 'f') AND ("prayers"."private" = 'f') ORDER BY created_at DESC LIMIT 10 OFFSET 0[0m
Rendering template within layouts/application
Rendering prayers/index
Rendered prayers/_search (0.1ms)
  [4;35;1mSQL (0.2ms)[0m   [0mSELECT count(*) AS count_all FROM "reminders" WHERE ("reminders".user_id = 4) [0m
  [4;36;1mReminder Load (0.2ms)[0m   [0;1mSELECT * FROM "reminders" WHERE ("reminders".user_id = 4) ORDER BY created_at DESC LIMIT 5[0m
  [4;35;1mPrayer Load (0.2ms)[0m   [0mSELECT * FROM "prayers" WHERE ("prayers"."id" = 25) AND ("prayers"."private" = 'f') ORDER BY created_at DESC LIMIT 10[0m
  [4;36;1mPrayer Load (0.2ms)[0m   [0;1mSELECT * FROM "prayers" WHERE ("prayers"."id" = 24) AND ("prayers"."private" = 'f') ORDER BY created_at DESC LIMIT 10[0m
Rendered reminders/_list_short (2.7ms)
Rendered reminders/_box (7.0ms)
Rendered prayers/_form (1.5ms)
Rendered layouts/_header (1.4ms)
Rendered layouts/_footer (0.2ms)
Completed in 95ms (View: 12, DB: 2) | 200 OK [http://localhost/?search=toror]


Processing PrayersController#index (for 127.0.0.1 at 2010-04-01 08:12:35) [GET]
  Parameters: {"action"=>"index", "controller"=>"prayers"}
  [4;35;1mUser Load (0.2ms)[0m   [0mSELECT * FROM "users" WHERE ("users"."id" = '3') ORDER BY created_at DESC LIMIT 1[0m
  [4;36;1mUser Load (0.3ms)[0m   [0;1mSELECT * FROM "users" WHERE ("users"."id" = 4) ORDER BY created_at DESC LIMIT 1[0m
  [4;35;1mUser Update (0.2ms)[0m   [0mUPDATE "users" SET "updated_at" = '2010-04-01 15:12:35', "perishable_token" = 'QaC_LnPFbeG3c8CB_2mM', "last_request_at" = '2010-04-01 15:12:35' WHERE "id" = 4[0m
[paperclip] Saving attachments.
  [4;36;1mPrayer Load (0.3ms)[0m   [0;1mSELECT * FROM "prayers" WHERE (prayer like '%%' AND answered like 'f' AND private = 'f') AND ("prayers"."private" = 'f') ORDER BY created_at DESC LIMIT 10 OFFSET 0[0m
Rendering template within layouts/application
Rendering prayers/index
Rendered prayers/_search (0.1ms)
  [4;35;1mSQL (0.1ms)[0m   [0mSELECT count(*) AS count_all FROM "reminders" WHERE ("reminders".user_id = 4) [0m
  [4;36;1mReminder Load (0.2ms)[0m   [0;1mSELECT * FROM "reminders" WHERE ("reminders".user_id = 4) ORDER BY created_at DESC LIMIT 5[0m
  [4;35;1mPrayer Load (0.2ms)[0m   [0mSELECT * FROM "prayers" WHERE ("prayers"."id" = 25) AND ("prayers"."private" = 'f') ORDER BY created_at DESC LIMIT 10[0m
  [4;36;1mPrayer Load (0.2ms)[0m   [0;1mSELECT * FROM "prayers" WHERE ("prayers"."id" = 24) AND ("prayers"."private" = 'f') ORDER BY created_at DESC LIMIT 10[0m
Rendered reminders/_list_short (2.6ms)
Rendered reminders/_box (6.6ms)
Rendered prayers/_form (1.5ms)
  [4;35;1mUser Load (0.3ms)[0m   [0mSELECT * FROM "users" WHERE ("users"."id" = 4) ORDER BY created_at DESC[0m
Rendered prayers/_prayer (2.0ms)
  [4;36;1mCACHE (0.0ms)[0m   [0;1mSELECT * FROM "users" WHERE ("users"."id" = 4) ORDER BY created_at DESC[0m
Rendered prayers/_prayer (1.1ms)
Rendered layouts/_header (1.4ms)
Rendered layouts/_footer (0.2ms)
Completed in 40ms (View: 14, DB: 2) | 200 OK [http://localhost/prayers]


Processing PrayersController#index (for 127.0.0.1 at 2010-04-01 08:12:46) [GET]
  Parameters: {"action"=>"index", "controller"=>"prayers", "search"=>"testing"}
  [4;35;1mUser Load (0.2ms)[0m   [0mSELECT * FROM "users" WHERE ("users"."id" = '3') ORDER BY created_at DESC LIMIT 1[0m
  [4;36;1mUser Load (0.3ms)[0m   [0;1mSELECT * FROM "users" WHERE ("users"."id" = 4) ORDER BY created_at DESC LIMIT 1[0m
  [4;35;1mUser Update (0.3ms)[0m   [0mUPDATE "users" SET "updated_at" = '2010-04-01 15:12:46', "perishable_token" = 'i-8A_tTMnSN2fWxXjM-7', "last_request_at" = '2010-04-01 15:12:46' WHERE "id" = 4[0m
[paperclip] Saving attachments.
  [4;36;1mPrayer Load (0.3ms)[0m   [0;1mSELECT * FROM "prayers" WHERE (prayer like '%testing%' AND answered like 'f' AND private = 'f') AND ("prayers"."private" = 'f') ORDER BY created_at DESC LIMIT 10 OFFSET 0[0m
Rendering template within layouts/application
Rendering prayers/index
Rendered prayers/_search (0.1ms)
  [4;35;1mSQL (0.1ms)[0m   [0mSELECT count(*) AS count_all FROM "reminders" WHERE ("reminders".user_id = 4) [0m
  [4;36;1mReminder Load (0.2ms)[0m   [0;1mSELECT * FROM "reminders" WHERE ("reminders".user_id = 4) ORDER BY created_at DESC LIMIT 5[0m
  [4;35;1mPrayer Load (0.2ms)[0m   [0mSELECT * FROM "prayers" WHERE ("prayers"."id" = 25) AND ("prayers"."private" = 'f') ORDER BY created_at DESC LIMIT 10[0m
  [4;36;1mPrayer Load (0.2ms)[0m   [0;1mSELECT * FROM "prayers" WHERE ("prayers"."id" = 24) AND ("prayers"."private" = 'f') ORDER BY created_at DESC LIMIT 10[0m
Rendered reminders/_list_short (2.7ms)
Rendered reminders/_box (6.8ms)
Rendered prayers/_form (1.5ms)
  [4;35;1mUser Load (0.3ms)[0m   [0mSELECT * FROM "users" WHERE ("users"."id" = 4) ORDER BY created_at DESC[0m
Rendered prayers/_prayer (1.6ms)
Rendered layouts/_header (1.3ms)
Rendered layouts/_footer (0.2ms)
Completed in 39ms (View: 13, DB: 2) | 200 OK [http://localhost/?search=testing]


Processing PrayersController#index (for 127.0.0.1 at 2010-04-01 08:12:51) [GET]
  Parameters: {"action"=>"index", "controller"=>"prayers", "search"=>"pharetra"}
  [4;36;1mUser Load (0.1ms)[0m   [0;1mSELECT * FROM "users" WHERE ("users"."id" = '3') ORDER BY created_at DESC LIMIT 1[0m
  [4;35;1mUser Load (0.3ms)[0m   [0mSELECT * FROM "users" WHERE ("users"."id" = 4) ORDER BY created_at DESC LIMIT 1[0m
  [4;36;1mUser Update (0.2ms)[0m   [0;1mUPDATE "users" SET "updated_at" = '2010-04-01 15:12:51', "perishable_token" = 'b6HwrIlRRcNJdwPji3j9', "last_request_at" = '2010-04-01 15:12:51' WHERE "id" = 4[0m
[paperclip] Saving attachments.
  [4;35;1mPrayer Load (0.4ms)[0m   [0mSELECT * FROM "prayers" WHERE (prayer like '%pharetra%' AND answered like 'f' AND private = 'f') AND ("prayers"."private" = 'f') ORDER BY created_at DESC LIMIT 10 OFFSET 0[0m
Rendering template within layouts/application
Rendering prayers/index
Rendered prayers/_search (0.1ms)
  [4;36;1mSQL (0.1ms)[0m   [0;1mSELECT count(*) AS count_all FROM "reminders" WHERE ("reminders".user_id = 4) [0m
  [4;35;1mReminder Load (0.2ms)[0m   [0mSELECT * FROM "reminders" WHERE ("reminders".user_id = 4) ORDER BY created_at DESC LIMIT 5[0m
  [4;36;1mPrayer Load (0.2ms)[0m   [0;1mSELECT * FROM "prayers" WHERE ("prayers"."id" = 25) AND ("prayers"."private" = 'f') ORDER BY created_at DESC LIMIT 10[0m
  [4;35;1mPrayer Load (0.2ms)[0m   [0mSELECT * FROM "prayers" WHERE ("prayers"."id" = 24) AND ("prayers"."private" = 'f') ORDER BY created_at DESC LIMIT 10[0m
Rendered reminders/_list_short (2.6ms)
Rendered reminders/_box (6.5ms)
Rendered prayers/_form (1.5ms)
  [4;36;1mUser Load (0.3ms)[0m   [0;1mSELECT * FROM "users" WHERE ("users"."id" = 4) ORDER BY created_at DESC[0m
Rendered prayers/_prayer (1.9ms)
Rendered layouts/_header (1.3ms)
Rendered layouts/_footer (0.2ms)
Completed in 96ms (View: 13, DB: 2) | 200 OK [http://localhost/?search=pharetra]


Processing PrayersController#index (for 127.0.0.1 at 2010-04-01 08:31:24) [GET]
  Parameters: {"action"=>"index", "controller"=>"prayers", "search"=>"pharetra"}
  [4;35;1mUser Load (0.2ms)[0m   [0mSELECT * FROM "users" WHERE ("users"."id" = '3') ORDER BY created_at DESC LIMIT 1[0m
  [4;36;1mUser Load (0.3ms)[0m   [0;1mSELECT * FROM "users" WHERE ("users"."id" = 4) ORDER BY created_at DESC LIMIT 1[0m
  [4;35;1mUser Update (0.2ms)[0m   [0mUPDATE "users" SET "updated_at" = '2010-04-01 15:31:24', "perishable_token" = 'DdtLdgXhUxhkX15SvsIh', "last_request_at" = '2010-04-01 15:31:24' WHERE "id" = 4[0m
[paperclip] Saving attachments.
  [4;36;1mPrayer Load (0.3ms)[0m   [0;1mSELECT * FROM "prayers" WHERE (prayer like '%pharetra%' AND answered like 'f' AND private = 'f') AND ("prayers"."private" = 'f') ORDER BY created_at DESC LIMIT 10 OFFSET 0[0m
Rendering template within layouts/application
Rendering prayers/index
Rendered prayers/_search (0.1ms)
  [4;35;1mSQL (0.1ms)[0m   [0mSELECT count(*) AS count_all FROM "reminders" WHERE ("reminders".user_id = 4) [0m
  [4;36;1mReminder Load (0.2ms)[0m   [0;1mSELECT * FROM "reminders" WHERE ("reminders".user_id = 4) ORDER BY created_at DESC LIMIT 5[0m
  [4;35;1mPrayer Load (0.2ms)[0m   [0mSELECT * FROM "prayers" WHERE ("prayers"."id" = 25) AND ("prayers"."private" = 'f') ORDER BY created_at DESC LIMIT 10[0m
  [4;36;1mPrayer Load (0.2ms)[0m   [0;1mSELECT * FROM "prayers" WHERE ("prayers"."id" = 24) AND ("prayers"."private" = 'f') ORDER BY created_at DESC LIMIT 10[0m
Rendered reminders/_list_short (2.5ms)
Rendered reminders/_box (6.6ms)
Rendered prayers/_form (1.4ms)
  [4;35;1mUser Load (0.3ms)[0m   [0mSELECT * FROM "users" WHERE ("users"."id" = 4) ORDER BY created_at DESC[0m
Rendered prayers/_prayer (1.9ms)
Rendered layouts/_header (1.4ms)
Rendered layouts/_footer (0.2ms)
Completed in 39ms (View: 13, DB: 2) | 200 OK [http://localhost/?search=pharetra]


Processing PrayersController#index (for 127.0.0.1 at 2010-04-01 08:31:25) [GET]
  Parameters: {"action"=>"index", "controller"=>"prayers", "search"=>"pharetra"}
  [4;36;1mUser Load (0.2ms)[0m   [0;1mSELECT * FROM "users" WHERE ("users"."id" = '3') ORDER BY created_at DESC LIMIT 1[0m
  [4;35;1mUser Load (0.3ms)[0m   [0mSELECT * FROM "users" WHERE ("users"."id" = 4) ORDER BY created_at DESC LIMIT 1[0m
  [4;36;1mUser Update (0.3ms)[0m   [0;1mUPDATE "users" SET "updated_at" = '2010-04-01 15:31:25', "perishable_token" = 'Q1FZD9rNCRE1qffTwJ8Z', "last_request_at" = '2010-04-01 15:31:25' WHERE "id" = 4[0m
[paperclip] Saving attachments.
  [4;35;1mPrayer Load (0.3ms)[0m   [0mSELECT * FROM "prayers" WHERE (prayer like '%pharetra%' AND answered like 'f' AND private = 'f') AND ("prayers"."private" = 'f') ORDER BY created_at DESC LIMIT 10 OFFSET 0[0m
Rendering template within layouts/application
Rendering prayers/index
Rendered prayers/_search (0.1ms)
  [4;36;1mSQL (0.1ms)[0m   [0;1mSELECT count(*) AS count_all FROM "reminders" WHERE ("reminders".user_id = 4) [0m
  [4;35;1mReminder Load (0.2ms)[0m   [0mSELECT * FROM "reminders" WHERE ("reminders".user_id = 4) ORDER BY created_at DESC LIMIT 5[0m
  [4;36;1mPrayer Load (0.2ms)[0m   [0;1mSELECT * FROM "prayers" WHERE ("prayers"."id" = 25) AND ("prayers"."private" = 'f') ORDER BY created_at DESC LIMIT 10[0m
  [4;35;1mPrayer Load (0.2ms)[0m   [0mSELECT * FROM "prayers" WHERE ("prayers"."id" = 24) AND ("prayers"."private" = 'f') ORDER BY created_at DESC LIMIT 10[0m
Rendered reminders/_list_short (2.6ms)
Rendered reminders/_box (6.3ms)
Rendered prayers/_form (1.6ms)
  [4;36;1mUser Load (0.3ms)[0m   [0;1mSELECT * FROM "users" WHERE ("users"."id" = 4) ORDER BY created_at DESC[0m
Rendered prayers/_prayer (1.9ms)
Rendered layouts/_header (1.4ms)
Rendered layouts/_footer (0.2ms)
Completed in 39ms (View: 13, DB: 2) | 200 OK [http://localhost/?search=pharetra]


Processing PrayersController#index (for 127.0.0.1 at 2010-04-01 09:04:29) [GET]
  Parameters: {"action"=>"index", "controller"=>"prayers"}
  [4;35;1mUser Load (0.2ms)[0m   [0mSELECT * FROM "users" WHERE ("users"."id" = '3') ORDER BY created_at DESC LIMIT 1[0m
  [4;36;1mUser Load (0.4ms)[0m   [0;1mSELECT * FROM "users" WHERE ("users"."id" = 4) ORDER BY created_at DESC LIMIT 1[0m
  [4;35;1mUser Update (0.3ms)[0m   [0mUPDATE "users" SET "updated_at" = '2010-04-01 16:04:29', "perishable_token" = 'XOCXpQg8QcUqZBABXavg', "last_request_at" = '2010-04-01 16:04:29' WHERE "id" = 4[0m
[paperclip] Saving attachments.
  [4;36;1mPrayer Load (0.4ms)[0m   [0;1mSELECT * FROM "prayers" WHERE (prayer like '%%' AND answered like 'f' AND private = 'f') AND ("prayers"."private" = 'f') ORDER BY created_at DESC LIMIT 10 OFFSET 0[0m
Rendering template within layouts/application
Rendering prayers/index
Rendered prayers/_search (0.1ms)
  [4;35;1mSQL (0.1ms)[0m   [0mSELECT count(*) AS count_all FROM "reminders" WHERE ("reminders".user_id = 4) [0m
  [4;36;1mReminder Load (0.2ms)[0m   [0;1mSELECT * FROM "reminders" WHERE ("reminders".user_id = 4) ORDER BY created_at DESC LIMIT 5[0m
  [4;35;1mPrayer Load (0.2ms)[0m   [0mSELECT * FROM "prayers" WHERE ("prayers"."id" = 25) AND ("prayers"."private" = 'f') ORDER BY created_at DESC LIMIT 10[0m
  [4;36;1mPrayer Load (0.2ms)[0m   [0;1mSELECT * FROM "prayers" WHERE ("prayers"."id" = 24) AND ("prayers"."private" = 'f') ORDER BY created_at DESC LIMIT 10[0m
Rendered reminders/_list_short (2.7ms)
Rendered reminders/_box (6.5ms)
Rendered prayers/_form (1.5ms)
  [4;35;1mUser Load (0.3ms)[0m   [0mSELECT * FROM "users" WHERE ("users"."id" = 4) ORDER BY created_at DESC[0m
Rendered prayers/_prayer (2.0ms)
  [4;36;1mCACHE (0.0ms)[0m   [0;1mSELECT * FROM "users" WHERE ("users"."id" = 4) ORDER BY created_at DESC[0m
Rendered prayers/_prayer (1.1ms)
Rendered layouts/_header (1.4ms)
Rendered layouts/_footer (0.2ms)
Completed in 101ms (View: 14, DB: 2) | 200 OK [http://localhost/]


Processing StaticController#terms (for 127.0.0.1 at 2010-04-01 09:04:31) [GET]
  Parameters: {"action"=>"terms", "controller"=>"static"}
Rendering template within layouts/application
Rendering static/terms
  [4;35;1mUser Load (0.2ms)[0m   [0mSELECT * FROM "users" WHERE ("users"."id" = '3') ORDER BY created_at DESC LIMIT 1[0m
  [4;36;1mUser Load (0.3ms)[0m   [0;1mSELECT * FROM "users" WHERE ("users"."id" = 4) ORDER BY created_at DESC LIMIT 1[0m
  [4;35;1mUser Update (0.3ms)[0m   [0mUPDATE "users" SET "updated_at" = '2010-04-01 16:04:31', "perishable_token" = 'RvZhr0vej76skkXqoFAp', "last_request_at" = '2010-04-01 16:04:31' WHERE "id" = 4[0m
[paperclip] Saving attachments.
Rendered layouts/_header (79.5ms)
Rendered layouts/_footer (0.2ms)
Completed in 86ms (View: 84, DB: 1) | 200 OK [http://localhost/terms]


Processing PrayersController#index (for 127.0.0.1 at 2010-04-01 09:07:21) [GET]
  Parameters: {"action"=>"index", "controller"=>"prayers"}
  [4;36;1mUser Load (0.2ms)[0m   [0;1mSELECT * FROM "users" WHERE ("users"."id" = '3') ORDER BY created_at DESC LIMIT 1[0m
  [4;35;1mUser Load (0.3ms)[0m   [0mSELECT * FROM "users" WHERE ("users"."id" = 4) ORDER BY created_at DESC LIMIT 1[0m
  [4;36;1mUser Update (0.3ms)[0m   [0;1mUPDATE "users" SET "updated_at" = '2010-04-01 16:07:21', "perishable_token" = 'OlK8kOWYj71J6k7hZfIs', "last_request_at" = '2010-04-01 16:07:21' WHERE "id" = 4[0m
[paperclip] Saving attachments.
  [4;35;1mPrayer Load (0.4ms)[0m   [0mSELECT * FROM "prayers" WHERE (prayer like '%%' AND answered like 'f' AND private = 'f') AND ("prayers"."private" = 'f') ORDER BY created_at DESC LIMIT 10 OFFSET 0[0m
Rendering template within layouts/application
Rendering prayers/index
Rendered prayers/_search (0.1ms)
  [4;36;1mSQL (0.1ms)[0m   [0;1mSELECT count(*) AS count_all FROM "reminders" WHERE ("reminders".user_id = 4) [0m
  [4;35;1mReminder Load (0.2ms)[0m   [0mSELECT * FROM "reminders" WHERE ("reminders".user_id = 4) ORDER BY created_at DESC LIMIT 5[0m
  [4;36;1mPrayer Load (0.2ms)[0m   [0;1mSELECT * FROM "prayers" WHERE ("prayers"."id" = 25) AND ("prayers"."private" = 'f') ORDER BY created_at DESC LIMIT 10[0m
  [4;35;1mPrayer Load (0.2ms)[0m   [0mSELECT * FROM "prayers" WHERE ("prayers"."id" = 24) AND ("prayers"."private" = 'f') ORDER BY created_at DESC LIMIT 10[0m
Rendered reminders/_list_short (2.5ms)
Rendered reminders/_box (6.4ms)
Rendered prayers/_form (1.4ms)
  [4;36;1mUser Load (0.3ms)[0m   [0;1mSELECT * FROM "users" WHERE ("users"."id" = 4) ORDER BY created_at DESC[0m
Rendered prayers/_prayer (1.8ms)
  [4;35;1mCACHE (0.0ms)[0m   [0mSELECT * FROM "users" WHERE ("users"."id" = 4) ORDER BY created_at DESC[0m
Rendered prayers/_prayer (1.1ms)
Rendered layouts/_header (1.4ms)
Rendered layouts/_footer (0.2ms)
Completed in 42ms (View: 14, DB: 2) | 200 OK [http://localhost/]


Processing StaticController#privacy (for 127.0.0.1 at 2010-04-01 09:07:23) [GET]
  Parameters: {"action"=>"privacy", "controller"=>"static"}
Rendering template within layouts/application
Rendering static/privacy
  [4;36;1mUser Load (0.2ms)[0m   [0;1mSELECT * FROM "users" WHERE ("users"."id" = '3') ORDER BY created_at DESC LIMIT 1[0m
  [4;35;1mUser Load (0.3ms)[0m   [0mSELECT * FROM "users" WHERE ("users"."id" = 4) ORDER BY created_at DESC LIMIT 1[0m
  [4;36;1mUser Update (0.3ms)[0m   [0;1mUPDATE "users" SET "updated_at" = '2010-04-01 16:07:23', "perishable_token" = 'UZVYugYNx_ZEF2z3oXtf', "last_request_at" = '2010-04-01 16:07:23' WHERE "id" = 4[0m
[paperclip] Saving attachments.
Rendered layouts/_header (88.7ms)
Rendered layouts/_footer (0.2ms)
Completed in 92ms (View: 89, DB: 1) | 200 OK [http://localhost/privacy]


Processing StaticController#terms (for 127.0.0.1 at 2010-04-01 09:07:26) [GET]
  Parameters: {"action"=>"terms", "controller"=>"static"}
Rendering template within layouts/application
Rendering static/terms
  [4;35;1mUser Load (0.2ms)[0m   [0mSELECT * FROM "users" WHERE ("users"."id" = '3') ORDER BY created_at DESC LIMIT 1[0m
  [4;36;1mUser Load (0.3ms)[0m   [0;1mSELECT * FROM "users" WHERE ("users"."id" = 4) ORDER BY created_at DESC LIMIT 1[0m
  [4;35;1mUser Update (0.3ms)[0m   [0mUPDATE "users" SET "updated_at" = '2010-04-01 16:07:26', "perishable_token" = 'r9heq27pKjl9_vFMrnxh', "last_request_at" = '2010-04-01 16:07:26' WHERE "id" = 4[0m
[paperclip] Saving attachments.
Rendered layouts/_header (77.7ms)
Rendered layouts/_footer (0.2ms)
Completed in 85ms (View: 82, DB: 1) | 200 OK [http://localhost/terms]


Processing StaticController#terms (for 127.0.0.1 at 2010-04-01 09:08:18) [GET]
  Parameters: {"action"=>"terms", "controller"=>"static"}
Rendering template within layouts/application
Rendering static/terms
  [4;36;1mUser Load (0.2ms)[0m   [0;1mSELECT * FROM "users" WHERE ("users"."id" = '3') ORDER BY created_at DESC LIMIT 1[0m
  [4;35;1mUser Load (0.3ms)[0m   [0mSELECT * FROM "users" WHERE ("users"."id" = 4) ORDER BY created_at DESC LIMIT 1[0m
  [4;36;1mUser Update (0.3ms)[0m   [0;1mUPDATE "users" SET "updated_at" = '2010-04-01 16:08:18', "perishable_token" = 'TKyoZftYP_6ej82bKBTp', "last_request_at" = '2010-04-01 16:08:18' WHERE "id" = 4[0m
[paperclip] Saving attachments.
Rendered layouts/_header (21.9ms)
Rendered layouts/_footer (0.2ms)
Completed in 28ms (View: 26, DB: 1) | 200 OK [http://localhost/terms]


Processing StaticController#privacy (for 127.0.0.1 at 2010-04-01 09:08:26) [GET]
  Parameters: {"action"=>"privacy", "controller"=>"static"}
Rendering template within layouts/application
Rendering static/privacy
  [4;35;1mUser Load (0.2ms)[0m   [0mSELECT * FROM "users" WHERE ("users"."id" = '3') ORDER BY created_at DESC LIMIT 1[0m
  [4;36;1mUser Load (0.3ms)[0m   [0;1mSELECT * FROM "users" WHERE ("users"."id" = 4) ORDER BY created_at DESC LIMIT 1[0m
  [4;35;1mUser Update (0.2ms)[0m   [0mUPDATE "users" SET "updated_at" = '2010-04-01 16:08:26', "perishable_token" = 'O39Ho2TMu03XFGpE2H5w', "last_request_at" = '2010-04-01 16:08:26' WHERE "id" = 4[0m
[paperclip] Saving attachments.
Rendered layouts/_header (23.4ms)
Rendered layouts/_footer (0.2ms)
Completed in 30ms (View: 27, DB: 1) | 200 OK [http://localhost/privacy]


Processing StaticController#terms (for 127.0.0.1 at 2010-04-01 09:08:31) [GET]
  Parameters: {"action"=>"terms", "controller"=>"static"}
Rendering template within layouts/application
Rendering static/terms
  [4;36;1mUser Load (0.2ms)[0m   [0;1mSELECT * FROM "users" WHERE ("users"."id" = '3') ORDER BY created_at DESC LIMIT 1[0m
  [4;35;1mUser Load (0.3ms)[0m   [0mSELECT * FROM "users" WHERE ("users"."id" = 4) ORDER BY created_at DESC LIMIT 1[0m
  [4;36;1mUser Update (0.3ms)[0m   [0;1mUPDATE "users" SET "updated_at" = '2010-04-01 16:08:31', "perishable_token" = 'dmieAG3yEanUq3FPB1gG', "last_request_at" = '2010-04-01 16:08:31' WHERE "id" = 4[0m
[paperclip] Saving attachments.
Rendered layouts/_header (80.4ms)
Rendered layouts/_footer (0.2ms)
Completed in 84ms (View: 81, DB: 1) | 200 OK [http://localhost/terms]


Processing StaticController#privacy (for 127.0.0.1 at 2010-04-01 09:08:33) [GET]
  Parameters: {"action"=>"privacy", "controller"=>"static"}
Rendering template within layouts/application
Rendering static/privacy
  [4;35;1mUser Load (0.2ms)[0m   [0mSELECT * FROM "users" WHERE ("users"."id" = '3') ORDER BY created_at DESC LIMIT 1[0m
  [4;36;1mUser Load (0.3ms)[0m   [0;1mSELECT * FROM "users" WHERE ("users"."id" = 4) ORDER BY created_at DESC LIMIT 1[0m
  [4;35;1mUser Update (0.2ms)[0m   [0mUPDATE "users" SET "updated_at" = '2010-04-01 16:08:33', "perishable_token" = '3w9Rjnua6xqcuyP9p_gh', "last_request_at" = '2010-04-01 16:08:33' WHERE "id" = 4[0m
[paperclip] Saving attachments.
Rendered layouts/_header (79.9ms)
Rendered layouts/_footer (0.2ms)
Completed in 83ms (View: 81, DB: 1) | 200 OK [http://localhost/privacy]


Processing StaticController#terms (for 127.0.0.1 at 2010-04-01 09:08:35) [GET]
  Parameters: {"action"=>"terms", "controller"=>"static"}
Rendering template within layouts/application
Rendering static/terms
  [4;36;1mUser Load (0.2ms)[0m   [0;1mSELECT * FROM "users" WHERE ("users"."id" = '3') ORDER BY created_at DESC LIMIT 1[0m
  [4;35;1mUser Load (0.3ms)[0m   [0mSELECT * FROM "users" WHERE ("users"."id" = 4) ORDER BY created_at DESC LIMIT 1[0m
  [4;36;1mUser Update (0.3ms)[0m   [0;1mUPDATE "users" SET "updated_at" = '2010-04-01 16:08:35', "perishable_token" = 'Vl6QXIA4s6uxVR9DTpVJ', "last_request_at" = '2010-04-01 16:08:35' WHERE "id" = 4[0m
[paperclip] Saving attachments.
Rendered layouts/_header (22.8ms)
Rendered layouts/_footer (0.2ms)
Completed in 26ms (View: 23, DB: 1) | 200 OK [http://localhost/terms]


Processing StaticController#privacy (for 127.0.0.1 at 2010-04-01 09:08:39) [GET]
  Parameters: {"action"=>"privacy", "controller"=>"static"}
Rendering template within layouts/application
Rendering static/privacy
  [4;35;1mUser Load (0.2ms)[0m   [0mSELECT * FROM "users" WHERE ("users"."id" = '3') ORDER BY created_at DESC LIMIT 1[0m
  [4;36;1mUser Load (0.3ms)[0m   [0;1mSELECT * FROM "users" WHERE ("users"."id" = 4) ORDER BY created_at DESC LIMIT 1[0m
  [4;35;1mUser Update (0.3ms)[0m   [0mUPDATE "users" SET "updated_at" = '2010-04-01 16:08:39', "perishable_token" = 'NBrdTYK-aYj8sknzLYAE', "last_request_at" = '2010-04-01 16:08:39' WHERE "id" = 4[0m
[paperclip] Saving attachments.
Rendered layouts/_header (84.4ms)
Rendered layouts/_footer (0.2ms)
Completed in 87ms (View: 85, DB: 1) | 200 OK [http://localhost/privacy]


Processing PrayersController#index (for 127.0.0.1 at 2010-04-01 09:21:11) [GET]
  Parameters: {"action"=>"index", "controller"=>"prayers"}
Redirected to http://localhost:3000/login
Filter chain halted as [:require_login] rendered_or_redirected.
Completed in 37ms (DB: 0) | 302 Found [http://localhost/]


Processing UserSessionsController#new (for 127.0.0.1 at 2010-04-01 09:21:11) [GET]
  Parameters: {"action"=>"new", "controller"=>"user_sessions"}
Rendering template within layouts/application
Rendering user_sessions/new
Rendered layouts/_header (4.6ms)
Rendered layouts/_footer (0.9ms)
Completed in 42ms (View: 30, DB: 0) | 200 OK [http://localhost/login]


Processing UserSessionsController#new (for 127.0.0.1 at 2010-04-01 09:24:25) [GET]
  Parameters: {"action"=>"new", "controller"=>"user_sessions"}
Rendering template within layouts/application
Rendering user_sessions/new
Rendered layouts/_header (4.3ms)
Rendered layouts/_footer (0.7ms)
Completed in 87ms (View: 28, DB: 0) | 200 OK [http://localhost/login]


Processing UserSessionsController#new (for 127.0.0.1 at 2010-04-01 09:24:26) [GET]
  Parameters: {"action"=>"new", "controller"=>"user_sessions"}
Rendering template within layouts/application
Rendering user_sessions/new
Rendered layouts/_header (1.5ms)
Rendered layouts/_footer (0.2ms)
Completed in 17ms (View: 5, DB: 0) | 200 OK [http://localhost/login]


Processing PrayersController#index (for 127.0.0.1 at 2010-04-01 09:31:56) [GET]
  Parameters: {"action"=>"index", "controller"=>"prayers"}
Redirected to http://localhost:3000/login
Filter chain halted as [:require_login] rendered_or_redirected.
Completed in 11ms (DB: 0) | 302 Found [http://localhost/]


Processing UserSessionsController#new (for 127.0.0.1 at 2010-04-01 09:31:56) [GET]
  Parameters: {"action"=>"new", "controller"=>"user_sessions"}
Rendering template within layouts/application
Rendering user_sessions/new
Rendered layouts/_header (1.8ms)
Rendered layouts/_footer (0.2ms)
Completed in 16ms (View: 5, DB: 0) | 200 OK [http://localhost/login]


Processing PrayersController#index (for 127.0.0.1 at 2010-04-01 10:44:36) [GET]
  Parameters: {"action"=>"index", "controller"=>"prayers"}
Redirected to http://localhost:3000/login
Filter chain halted as [:require_login] rendered_or_redirected.
Completed in 62ms (DB: 0) | 302 Found [http://localhost/]


Processing UserSessionsController#new (for 127.0.0.1 at 2010-04-01 10:44:36) [GET]
  Parameters: {"action"=>"new", "controller"=>"user_sessions"}
Rendering template within layouts/application
Rendering user_sessions/new
Rendered layouts/_header (1.5ms)
Rendered layouts/_footer (0.2ms)
Completed in 17ms (View: 6, DB: 0) | 200 OK [http://localhost/login]


Processing PrayersController#index (for 127.0.0.1 at 2010-04-01 13:26:01) [GET]
  Parameters: {"action"=>"index", "controller"=>"prayers"}
Redirected to http://localhost:3000/login
Filter chain halted as [:require_login] rendered_or_redirected.
Completed in 11ms (DB: 0) | 302 Found [http://localhost/]


Processing UserSessionsController#new (for 127.0.0.1 at 2010-04-01 13:26:01) [GET]
  Parameters: {"action"=>"new", "controller"=>"user_sessions"}
Rendering template within layouts/application
Rendering user_sessions/new
Rendered layouts/_header (1.6ms)
Rendered layouts/_footer (0.2ms)
Completed in 69ms (View: 5, DB: 0) | 200 OK [http://localhost/login]


Processing UserSessionsController#create (for 127.0.0.1 at 2010-04-01 13:26:11) [POST]
  Parameters: {"commit"=>"Login", "user_session"=>{"password"=>"[FILTERED]", "email"=>"brandon@melissa-brandon.com"}, "action"=>"create", "authenticity_token"=>"A2f02r+tzjDZKW3EDchGb6N44dwz9OtS+DYyKxrxkjs=", "controller"=>"user_sessions"}
  [4;36;1mUser Load (5.5ms)[0m   [0;1mSELECT * FROM "users" WHERE (LOWER("users".email) = 'brandon@melissa-brandon.com') ORDER BY created_at DESC LIMIT 1[0m
  [4;35;1mUser Update (0.6ms)[0m   [0mUPDATE "users" SET "login_count" = 8, "updated_at" = '2010-04-01 20:26:11', "perishable_token" = '_9WCHFZaO7bZmuIvh4PF', "last_request_at" = '2010-04-01 20:26:11' WHERE "id" = 4[0m
[paperclip] Saving attachments.
Redirected to http://localhost:3000/
Completed in 261ms (DB: 6) | 302 Found [http://localhost/user_sessions]


Processing PrayersController#index (for 127.0.0.1 at 2010-04-01 13:26:11) [GET]
  Parameters: {"action"=>"index", "controller"=>"prayers"}
  [4;36;1mUser Load (0.4ms)[0m   [0;1mSELECT * FROM "users" WHERE ("users"."id" = '4') ORDER BY created_at DESC LIMIT 1[0m
  [4;35;1mUser Update (0.2ms)[0m   [0mUPDATE "users" SET "updated_at" = '2010-04-01 20:26:11', "perishable_token" = 'TwRS5tII5BCS7cGJP-1c', "last_request_at" = '2010-04-01 20:26:11' WHERE "id" = 4[0m
[paperclip] Saving attachments.
  [4;36;1mPrayer Load (3.8ms)[0m   [0;1mSELECT * FROM "prayers" WHERE (prayer like '%%' AND answered like 'f' AND private = 'f') AND ("prayers"."private" = 'f') ORDER BY created_at DESC LIMIT 10 OFFSET 0[0m
Rendering template within layouts/application
Rendering prayers/index
Rendered prayers/_search (8.3ms)
  [4;35;1mSQL (0.4ms)[0m   [0mSELECT count(*) AS count_all FROM "reminders" WHERE ("reminders".user_id = 4) [0m
  [4;36;1mReminder Load (0.3ms)[0m   [0;1mSELECT * FROM "reminders" WHERE ("reminders".user_id = 4) ORDER BY created_at DESC LIMIT 5[0m
  [4;35;1mPrayer Load (0.2ms)[0m   [0mSELECT * FROM "prayers" WHERE ("prayers"."id" = 25) AND ("prayers"."private" = 'f') ORDER BY created_at DESC LIMIT 10[0m
  [4;36;1mPrayer Load (0.2ms)[0m   [0;1mSELECT * FROM "prayers" WHERE ("prayers"."id" = 24) AND ("prayers"."private" = 'f') ORDER BY created_at DESC LIMIT 10[0m
Rendered reminders/_list_short (4.1ms)
Rendered reminders/_box (89.6ms)
Rendered prayers/_form (33.1ms)
  [4;35;1mUser Load (0.5ms)[0m   [0mSELECT * FROM "users" WHERE ("users"."id" = 4) ORDER BY created_at DESC[0m
Rendered prayers/_prayer (4.1ms)
  [4;36;1mCACHE (0.0ms)[0m   [0;1mSELECT * FROM "users" WHERE ("users"."id" = 4) ORDER BY created_at DESC[0m
Rendered prayers/_prayer (1.5ms)
Rendered layouts/_header (1.8ms)
Rendered layouts/_footer (0.2ms)
Completed in 229ms (View: 180, DB: 6) | 200 OK [http://localhost/]


Processing PrayersController#index (for 127.0.0.1 at 2010-04-01 14:44:45) [GET]
  Parameters: {"action"=>"index", "controller"=>"prayers"}
Redirected to http://localhost:3000/login
Filter chain halted as [:require_login] rendered_or_redirected.
Completed in 12ms (DB: 0) | 302 Found [http://localhost/]


Processing UserSessionsController#new (for 127.0.0.1 at 2010-04-01 14:44:45) [GET]
  Parameters: {"action"=>"new", "controller"=>"user_sessions"}
Rendering template within layouts/application
Rendering user_sessions/new
Rendered layouts/_header (1.5ms)
Rendered layouts/_footer (0.2ms)
Completed in 17ms (View: 5, DB: 0) | 200 OK [http://localhost/login]


Processing PrayersController#index (for 127.0.0.1 at 2010-04-01 16:49:42) [GET]
  Parameters: {"action"=>"index", "controller"=>"prayers"}
  [4;35;1mUser Load (0.1ms)[0m   [0mSELECT * FROM "users" WHERE ("users"."id" = '3') ORDER BY created_at DESC LIMIT 1[0m
  [4;36;1mUser Load (0.3ms)[0m   [0;1mSELECT * FROM "users" WHERE ("users"."id" = 4) ORDER BY created_at DESC LIMIT 1[0m
  [4;35;1mUser Update (0.2ms)[0m   [0mUPDATE "users" SET "updated_at" = '2010-04-01 23:49:42', "perishable_token" = 'A3qOqTNl9DW0mKlC_WMZ', "last_request_at" = '2010-04-01 23:49:42' WHERE "id" = 4[0m
[paperclip] Saving attachments.
  [4;36;1mPrayer Load (0.4ms)[0m   [0;1mSELECT * FROM "prayers" WHERE (prayer like '%%' AND answered like 'f' AND private = 'f') AND ("prayers"."private" = 'f') ORDER BY created_at DESC LIMIT 10 OFFSET 0[0m
Rendering template within layouts/application
Rendering prayers/index
Rendered prayers/_search (0.1ms)
  [4;35;1mSQL (0.1ms)[0m   [0mSELECT count(*) AS count_all FROM "reminders" WHERE ("reminders".user_id = 4) [0m
  [4;36;1mReminder Load (0.2ms)[0m   [0;1mSELECT * FROM "reminders" WHERE ("reminders".user_id = 4) ORDER BY created_at DESC LIMIT 5[0m
  [4;35;1mPrayer Load (0.2ms)[0m   [0mSELECT * FROM "prayers" WHERE ("prayers"."id" = 25) AND ("prayers"."private" = 'f') ORDER BY created_at DESC LIMIT 10[0m
  [4;36;1mPrayer Load (0.2ms)[0m   [0;1mSELECT * FROM "prayers" WHERE ("prayers"."id" = 24) AND ("prayers"."private" = 'f') ORDER BY created_at DESC LIMIT 10[0m
Rendered reminders/_list_short (2.6ms)
Rendered reminders/_box (6.4ms)
Rendered prayers/_form (1.6ms)
  [4;35;1mUser Load (0.3ms)[0m   [0mSELECT * FROM "users" WHERE ("users"."id" = 4) ORDER BY created_at DESC[0m
Rendered prayers/_prayer (1.9ms)
  [4;36;1mCACHE (0.0ms)[0m   [0;1mSELECT * FROM "users" WHERE ("users"."id" = 4) ORDER BY created_at DESC[0m
Rendered prayers/_prayer (1.1ms)
Rendered layouts/_header (1.4ms)
Rendered layouts/_footer (0.2ms)
Completed in 100ms (View: 14, DB: 2) | 200 OK [http://localhost/]


Processing PrayersController#index (for 127.0.0.1 at 2010-04-01 16:49:44) [GET]
  Parameters: {"action"=>"index", "controller"=>"prayers"}
  [4;35;1mUser Load (0.1ms)[0m   [0mSELECT * FROM "users" WHERE ("users"."id" = '3') ORDER BY created_at DESC LIMIT 1[0m
  [4;36;1mUser Load (0.3ms)[0m   [0;1mSELECT * FROM "users" WHERE ("users"."id" = 4) ORDER BY created_at DESC LIMIT 1[0m
  [4;35;1mUser Update (0.2ms)[0m   [0mUPDATE "users" SET "updated_at" = '2010-04-01 23:49:44', "perishable_token" = '0wusyHY8CgaCxpZnvbY9', "last_request_at" = '2010-04-01 23:49:44' WHERE "id" = 4[0m
[paperclip] Saving attachments.
  [4;36;1mPrayer Load (0.4ms)[0m   [0;1mSELECT * FROM "prayers" WHERE (prayer like '%%' AND answered like 'f' AND private = 'f') AND ("prayers"."private" = 'f') ORDER BY created_at DESC LIMIT 10 OFFSET 0[0m
Rendering template within layouts/application
Rendering prayers/index
Rendered prayers/_search (0.1ms)
  [4;35;1mSQL (0.1ms)[0m   [0mSELECT count(*) AS count_all FROM "reminders" WHERE ("reminders".user_id = 4) [0m
  [4;36;1mReminder Load (0.2ms)[0m   [0;1mSELECT * FROM "reminders" WHERE ("reminders".user_id = 4) ORDER BY created_at DESC LIMIT 5[0m
  [4;35;1mPrayer Load (0.2ms)[0m   [0mSELECT * FROM "prayers" WHERE ("prayers"."id" = 25) AND ("prayers"."private" = 'f') ORDER BY created_at DESC LIMIT 10[0m
  [4;36;1mPrayer Load (0.2ms)[0m   [0;1mSELECT * FROM "prayers" WHERE ("prayers"."id" = 24) AND ("prayers"."private" = 'f') ORDER BY created_at DESC LIMIT 10[0m
Rendered reminders/_list_short (2.7ms)
Rendered reminders/_box (6.7ms)
Rendered prayers/_form (1.4ms)
  [4;35;1mUser Load (0.3ms)[0m   [0mSELECT * FROM "users" WHERE ("users"."id" = 4) ORDER BY created_at DESC[0m
Rendered prayers/_prayer (1.9ms)
  [4;36;1mCACHE (0.0ms)[0m   [0;1mSELECT * FROM "users" WHERE ("users"."id" = 4) ORDER BY created_at DESC[0m
Rendered prayers/_prayer (1.1ms)
Rendered layouts/_header (1.4ms)
Rendered layouts/_footer (0.2ms)
Completed in 41ms (View: 14, DB: 2) | 200 OK [http://localhost/]


Processing PrayersController#index (for 127.0.0.1 at 2010-04-01 16:49:45) [GET]
  Parameters: {"action"=>"index", "controller"=>"prayers"}
  [4;35;1mUser Load (0.2ms)[0m   [0mSELECT * FROM "users" WHERE ("users"."id" = '3') ORDER BY created_at DESC LIMIT 1[0m
  [4;36;1mUser Load (0.3ms)[0m   [0;1mSELECT * FROM "users" WHERE ("users"."id" = 4) ORDER BY created_at DESC LIMIT 1[0m
  [4;35;1mUser Update (0.3ms)[0m   [0mUPDATE "users" SET "updated_at" = '2010-04-01 23:49:45', "perishable_token" = '4kwsWamJUr2IpEPPIW8r', "last_request_at" = '2010-04-01 23:49:45' WHERE "id" = 4[0m
[paperclip] Saving attachments.
  [4;36;1mPrayer Load (0.4ms)[0m   [0;1mSELECT * FROM "prayers" WHERE (prayer like '%%' AND answered like 'f' AND private = 'f') AND ("prayers"."private" = 'f') ORDER BY created_at DESC LIMIT 10 OFFSET 0[0m
Rendering template within layouts/application
Rendering prayers/index
Rendered prayers/_search (0.1ms)
  [4;35;1mSQL (0.1ms)[0m   [0mSELECT count(*) AS count_all FROM "reminders" WHERE ("reminders".user_id = 4) [0m
  [4;36;1mReminder Load (0.2ms)[0m   [0;1mSELECT * FROM "reminders" WHERE ("reminders".user_id = 4) ORDER BY created_at DESC LIMIT 5[0m
  [4;35;1mPrayer Load (0.2ms)[0m   [0mSELECT * FROM "prayers" WHERE ("prayers"."id" = 25) AND ("prayers"."private" = 'f') ORDER BY created_at DESC LIMIT 10[0m
  [4;36;1mPrayer Load (0.2ms)[0m   [0;1mSELECT * FROM "prayers" WHERE ("prayers"."id" = 24) AND ("prayers"."private" = 'f') ORDER BY created_at DESC LIMIT 10[0m
Rendered reminders/_list_short (2.7ms)
Rendered reminders/_box (6.4ms)
Rendered prayers/_form (1.4ms)
  [4;35;1mUser Load (0.3ms)[0m   [0mSELECT * FROM "users" WHERE ("users"."id" = 4) ORDER BY created_at DESC[0m
Rendered prayers/_prayer (1.9ms)
  [4;36;1mCACHE (0.0ms)[0m   [0;1mSELECT * FROM "users" WHERE ("users"."id" = 4) ORDER BY created_at DESC[0m
Rendered prayers/_prayer (1.1ms)
Rendered layouts/_header (1.3ms)
Rendered layouts/_footer (0.2ms)
Completed in 41ms (View: 14, DB: 2) | 200 OK [http://localhost/]


Processing PrayersController#index (for 127.0.0.1 at 2010-04-01 16:49:46) [GET]
  Parameters: {"action"=>"index", "controller"=>"prayers"}
  [4;35;1mUser Load (0.2ms)[0m   [0mSELECT * FROM "users" WHERE ("users"."id" = '3') ORDER BY created_at DESC LIMIT 1[0m
  [4;36;1mUser Load (0.3ms)[0m   [0;1mSELECT * FROM "users" WHERE ("users"."id" = 4) ORDER BY created_at DESC LIMIT 1[0m
  [4;35;1mUser Update (0.3ms)[0m   [0mUPDATE "users" SET "updated_at" = '2010-04-01 23:49:46', "perishable_token" = 'BqbO5Elv4jY22OuOOQvl', "last_request_at" = '2010-04-01 23:49:46' WHERE "id" = 4[0m
[paperclip] Saving attachments.
  [4;36;1mPrayer Load (0.4ms)[0m   [0;1mSELECT * FROM "prayers" WHERE (prayer like '%%' AND answered like 'f' AND private = 'f') AND ("prayers"."private" = 'f') ORDER BY created_at DESC LIMIT 10 OFFSET 0[0m
Rendering template within layouts/application
Rendering prayers/index
Rendered prayers/_search (0.1ms)
  [4;35;1mSQL (0.1ms)[0m   [0mSELECT count(*) AS count_all FROM "reminders" WHERE ("reminders".user_id = 4) [0m
  [4;36;1mReminder Load (0.2ms)[0m   [0;1mSELECT * FROM "reminders" WHERE ("reminders".user_id = 4) ORDER BY created_at DESC LIMIT 5[0m
  [4;35;1mPrayer Load (0.2ms)[0m   [0mSELECT * FROM "prayers" WHERE ("prayers"."id" = 25) AND ("prayers"."private" = 'f') ORDER BY created_at DESC LIMIT 10[0m
  [4;36;1mPrayer Load (0.2ms)[0m   [0;1mSELECT * FROM "prayers" WHERE ("prayers"."id" = 24) AND ("prayers"."private" = 'f') ORDER BY created_at DESC LIMIT 10[0m
Rendered reminders/_list_short (2.7ms)
Rendered reminders/_box (6.6ms)
Rendered prayers/_form (1.4ms)
  [4;35;1mUser Load (0.3ms)[0m   [0mSELECT * FROM "users" WHERE ("users"."id" = 4) ORDER BY created_at DESC[0m
Rendered prayers/_prayer (1.9ms)
  [4;36;1mCACHE (0.0ms)[0m   [0;1mSELECT * FROM "users" WHERE ("users"."id" = 4) ORDER BY created_at DESC[0m
Rendered prayers/_prayer (1.1ms)
Rendered layouts/_header (1.4ms)
Rendered layouts/_footer (0.2ms)
Completed in 98ms (View: 14, DB: 2) | 200 OK [http://localhost/]


Processing PrayersController#index (for 127.0.0.1 at 2010-04-01 16:49:46) [GET]
  Parameters: {"action"=>"index", "controller"=>"prayers"}
  [4;35;1mUser Load (0.2ms)[0m   [0mSELECT * FROM "users" WHERE ("users"."id" = '3') ORDER BY created_at DESC LIMIT 1[0m
  [4;36;1mUser Load (0.3ms)[0m   [0;1mSELECT * FROM "users" WHERE ("users"."id" = 4) ORDER BY created_at DESC LIMIT 1[0m
  [4;35;1mUser Update (0.2ms)[0m   [0mUPDATE "users" SET "updated_at" = '2010-04-01 23:49:46', "perishable_token" = 'sk9Eulhser9pKdK67TRi', "last_request_at" = '2010-04-01 23:49:46' WHERE "id" = 4[0m
[paperclip] Saving attachments.
  [4;36;1mPrayer Load (0.3ms)[0m   [0;1mSELECT * FROM "prayers" WHERE (prayer like '%%' AND answered like 'f' AND private = 'f') AND ("prayers"."private" = 'f') ORDER BY created_at DESC LIMIT 10 OFFSET 0[0m
Rendering template within layouts/application
Rendering prayers/index
Rendered prayers/_search (0.1ms)
  [4;35;1mSQL (0.1ms)[0m   [0mSELECT count(*) AS count_all FROM "reminders" WHERE ("reminders".user_id = 4) [0m
  [4;36;1mReminder Load (0.2ms)[0m   [0;1mSELECT * FROM "reminders" WHERE ("reminders".user_id = 4) ORDER BY created_at DESC LIMIT 5[0m
  [4;35;1mPrayer Load (0.2ms)[0m   [0mSELECT * FROM "prayers" WHERE ("prayers"."id" = 25) AND ("prayers"."private" = 'f') ORDER BY created_at DESC LIMIT 10[0m
  [4;36;1mPrayer Load (0.4ms)[0m   [0;1mSELECT * FROM "prayers" WHERE ("prayers"."id" = 24) AND ("prayers"."private" = 'f') ORDER BY created_at DESC LIMIT 10[0m
Rendered reminders/_list_short (60.9ms)
Rendered reminders/_box (64.7ms)
Rendered prayers/_form (1.7ms)
  [4;35;1mUser Load (0.4ms)[0m   [0mSELECT * FROM "users" WHERE ("users"."id" = 4) ORDER BY created_at DESC[0m
Rendered prayers/_prayer (2.4ms)
  [4;36;1mCACHE (0.0ms)[0m   [0;1mSELECT * FROM "users" WHERE ("users"."id" = 4) ORDER BY created_at DESC[0m
Rendered prayers/_prayer (1.3ms)
Rendered layouts/_header (1.5ms)
Rendered layouts/_footer (0.2ms)
Completed in 100ms (View: 73, DB: 2) | 200 OK [http://localhost/]


Processing PrayersController#index (for 127.0.0.1 at 2010-04-01 16:49:47) [GET]
  Parameters: {"action"=>"index", "controller"=>"prayers"}
  [4;35;1mUser Load (0.1ms)[0m   [0mSELECT * FROM "users" WHERE ("users"."id" = '3') ORDER BY created_at DESC LIMIT 1[0m
  [4;36;1mUser Load (0.3ms)[0m   [0;1mSELECT * FROM "users" WHERE ("users"."id" = 4) ORDER BY created_at DESC LIMIT 1[0m
  [4;35;1mUser Update (0.2ms)[0m   [0mUPDATE "users" SET "updated_at" = '2010-04-01 23:49:47', "perishable_token" = 'KnTNVBqy9cscQH_-q-P3', "last_request_at" = '2010-04-01 23:49:47' WHERE "id" = 4[0m
[paperclip] Saving attachments.
  [4;36;1mPrayer Load (0.3ms)[0m   [0;1mSELECT * FROM "prayers" WHERE (prayer like '%%' AND answered like 'f' AND private = 'f') AND ("prayers"."private" = 'f') ORDER BY created_at DESC LIMIT 10 OFFSET 0[0m
Rendering template within layouts/application
Rendering prayers/index
Rendered prayers/_search (0.1ms)
  [4;35;1mSQL (0.1ms)[0m   [0mSELECT count(*) AS count_all FROM "reminders" WHERE ("reminders".user_id = 4) [0m
  [4;36;1mReminder Load (0.2ms)[0m   [0;1mSELECT * FROM "reminders" WHERE ("reminders".user_id = 4) ORDER BY created_at DESC LIMIT 5[0m
  [4;35;1mPrayer Load (0.2ms)[0m   [0mSELECT * FROM "prayers" WHERE ("prayers"."id" = 25) AND ("prayers"."private" = 'f') ORDER BY created_at DESC LIMIT 10[0m
  [4;36;1mPrayer Load (0.2ms)[0m   [0;1mSELECT * FROM "prayers" WHERE ("prayers"."id" = 24) AND ("prayers"."private" = 'f') ORDER BY created_at DESC LIMIT 10[0m
Rendered reminders/_list_short (2.5ms)
Rendered reminders/_box (6.4ms)
Rendered prayers/_form (1.4ms)
  [4;35;1mUser Load (0.3ms)[0m   [0mSELECT * FROM "users" WHERE ("users"."id" = 4) ORDER BY created_at DESC[0m
Rendered prayers/_prayer (2.0ms)
  [4;36;1mCACHE (0.0ms)[0m   [0;1mSELECT * FROM "users" WHERE ("users"."id" = 4) ORDER BY created_at DESC[0m
Rendered prayers/_prayer (1.1ms)
Rendered layouts/_header (1.4ms)
Rendered layouts/_footer (0.2ms)
Completed in 40ms (View: 14, DB: 2) | 200 OK [http://localhost/]


Processing PrayersController#index (for 127.0.0.1 at 2010-04-01 16:49:47) [GET]
  Parameters: {"action"=>"index", "controller"=>"prayers"}
  [4;35;1mUser Load (0.3ms)[0m   [0mSELECT * FROM "users" WHERE ("users"."id" = '3') ORDER BY created_at DESC LIMIT 1[0m
  [4;36;1mUser Load (0.4ms)[0m   [0;1mSELECT * FROM "users" WHERE ("users"."id" = 4) ORDER BY created_at DESC LIMIT 1[0m
  [4;35;1mUser Update (0.4ms)[0m   [0mUPDATE "users" SET "updated_at" = '2010-04-01 23:49:47', "perishable_token" = 'osgKpx7V-n3CYEdBEYh0', "last_request_at" = '2010-04-01 23:49:47' WHERE "id" = 4[0m
[paperclip] Saving attachments.
  [4;36;1mPrayer Load (0.4ms)[0m   [0;1mSELECT * FROM "prayers" WHERE (prayer like '%%' AND answered like 'f' AND private = 'f') AND ("prayers"."private" = 'f') ORDER BY created_at DESC LIMIT 10 OFFSET 0[0m
Rendering template within layouts/application
Rendering prayers/index
Rendered prayers/_search (0.1ms)
  [4;35;1mSQL (0.1ms)[0m   [0mSELECT count(*) AS count_all FROM "reminders" WHERE ("reminders".user_id = 4) [0m
  [4;36;1mReminder Load (0.2ms)[0m   [0;1mSELECT * FROM "reminders" WHERE ("reminders".user_id = 4) ORDER BY created_at DESC LIMIT 5[0m
  [4;35;1mPrayer Load (0.2ms)[0m   [0mSELECT * FROM "prayers" WHERE ("prayers"."id" = 25) AND ("prayers"."private" = 'f') ORDER BY created_at DESC LIMIT 10[0m
  [4;36;1mPrayer Load (0.2ms)[0m   [0;1mSELECT * FROM "prayers" WHERE ("prayers"."id" = 24) AND ("prayers"."private" = 'f') ORDER BY created_at DESC LIMIT 10[0m
Rendered reminders/_list_short (2.6ms)
Rendered reminders/_box (6.5ms)
Rendered prayers/_form (1.5ms)
  [4;35;1mUser Load (0.3ms)[0m   [0mSELECT * FROM "users" WHERE ("users"."id" = 4) ORDER BY created_at DESC[0m
Rendered prayers/_prayer (2.1ms)
  [4;36;1mCACHE (0.0ms)[0m   [0;1mSELECT * FROM "users" WHERE ("users"."id" = 4) ORDER BY created_at DESC[0m
Rendered prayers/_prayer (1.1ms)
Rendered layouts/_header (1.3ms)
Rendered layouts/_footer (0.2ms)
Completed in 107ms (View: 14, DB: 2) | 200 OK [http://localhost/]


Processing PrayersController#index (for 127.0.0.1 at 2010-04-01 16:49:47) [GET]
  Parameters: {"action"=>"index", "controller"=>"prayers"}
  [4;35;1mUser Load (0.1ms)[0m   [0mSELECT * FROM "users" WHERE ("users"."id" = '3') ORDER BY created_at DESC LIMIT 1[0m
  [4;36;1mUser Load (0.3ms)[0m   [0;1mSELECT * FROM "users" WHERE ("users"."id" = 4) ORDER BY created_at DESC LIMIT 1[0m
  [4;35;1mUser Update (0.3ms)[0m   [0mUPDATE "users" SET "updated_at" = '2010-04-01 23:49:47', "perishable_token" = '-CHMwgD37NbZlWp8ZhWN', "last_request_at" = '2010-04-01 23:49:47' WHERE "id" = 4[0m
[paperclip] Saving attachments.
  [4;36;1mPrayer Load (0.3ms)[0m   [0;1mSELECT * FROM "prayers" WHERE (prayer like '%%' AND answered like 'f' AND private = 'f') AND ("prayers"."private" = 'f') ORDER BY created_at DESC LIMIT 10 OFFSET 0[0m
Rendering template within layouts/application
Rendering prayers/index
Rendered prayers/_search (0.1ms)
  [4;35;1mSQL (0.1ms)[0m   [0mSELECT count(*) AS count_all FROM "reminders" WHERE ("reminders".user_id = 4) [0m
  [4;36;1mReminder Load (0.2ms)[0m   [0;1mSELECT * FROM "reminders" WHERE ("reminders".user_id = 4) ORDER BY created_at DESC LIMIT 5[0m
  [4;35;1mPrayer Load (0.2ms)[0m   [0mSELECT * FROM "prayers" WHERE ("prayers"."id" = 25) AND ("prayers"."private" = 'f') ORDER BY created_at DESC LIMIT 10[0m
  [4;36;1mPrayer Load (0.2ms)[0m   [0;1mSELECT * FROM "prayers" WHERE ("prayers"."id" = 24) AND ("prayers"."private" = 'f') ORDER BY created_at DESC LIMIT 10[0m
Rendered reminders/_list_short (2.7ms)
Rendered reminders/_box (6.5ms)
Rendered prayers/_form (59.6ms)
  [4;35;1mUser Load (0.4ms)[0m   [0mSELECT * FROM "users" WHERE ("users"."id" = 4) ORDER BY created_at DESC[0m
Rendered prayers/_prayer (2.2ms)
  [4;36;1mCACHE (0.0ms)[0m   [0;1mSELECT * FROM "users" WHERE ("users"."id" = 4) ORDER BY created_at DESC[0m
Rendered prayers/_prayer (1.1ms)
Rendered layouts/_header (1.4ms)
Rendered layouts/_footer (0.2ms)
Completed in 98ms (View: 72, DB: 2) | 200 OK [http://localhost/]


Processing RemindersController#index (for 127.0.0.1 at 2010-04-01 16:49:50) [GET]
  Parameters: {"action"=>"index", "controller"=>"reminders"}
  [4;35;1mUser Load (0.2ms)[0m   [0mSELECT * FROM "users" WHERE ("users"."id" = '3') ORDER BY created_at DESC LIMIT 1[0m
  [4;36;1mUser Load (0.3ms)[0m   [0;1mSELECT * FROM "users" WHERE ("users"."id" = 4) ORDER BY created_at DESC LIMIT 1[0m
  [4;35;1mUser Update (0.2ms)[0m   [0mUPDATE "users" SET "updated_at" = '2010-04-01 23:49:50', "perishable_token" = 'IIAj8UyRbomVzXLYMmR0', "last_request_at" = '2010-04-01 23:49:50' WHERE "id" = 4[0m
[paperclip] Saving attachments.
Rendering template within layouts/application
Rendering reminders/index
  [4;36;1mReminder Load (0.3ms)[0m   [0;1mSELECT * FROM "reminders" WHERE ("reminders".user_id = 4) ORDER BY created_at DESC[0m
  [4;35;1mPrayer Load (0.2ms)[0m   [0mSELECT * FROM "prayers" WHERE ("prayers"."id" = 25) AND ("prayers"."private" = 'f') ORDER BY created_at DESC LIMIT 10[0m
  [4;36;1mPrayer Load (0.2ms)[0m   [0;1mSELECT * FROM "prayers" WHERE ("prayers"."id" = 24) AND ("prayers"."private" = 'f') ORDER BY created_at DESC LIMIT 10[0m
Rendered reminders/_list (12.1ms)
Rendered layouts/_header (1.4ms)
Rendered layouts/_footer (0.2ms)
Completed in 52ms (View: 30, DB: 1) | 200 OK [http://localhost/reminders]


Processing PrayersController#index (for 127.0.0.1 at 2010-04-01 16:50:53) [GET]
  Parameters: {"action"=>"index", "controller"=>"prayers"}
  [4;35;1mUser Load (0.2ms)[0m   [0mSELECT * FROM "users" WHERE ("users"."id" = '3') ORDER BY created_at DESC LIMIT 1[0m
  [4;36;1mUser Load (0.3ms)[0m   [0;1mSELECT * FROM "users" WHERE ("users"."id" = 4) ORDER BY created_at DESC LIMIT 1[0m
  [4;35;1mUser Update (0.2ms)[0m   [0mUPDATE "users" SET "updated_at" = '2010-04-01 23:50:53', "perishable_token" = 'MqBQjEn4XuodymPJ6McC', "last_request_at" = '2010-04-01 23:50:53' WHERE "id" = 4[0m
[paperclip] Saving attachments.
  [4;36;1mPrayer Load (0.3ms)[0m   [0;1mSELECT * FROM "prayers" WHERE (prayer like '%%' AND answered like 'f' AND private = 'f') AND ("prayers"."private" = 'f') ORDER BY created_at DESC LIMIT 10 OFFSET 0[0m
Rendering template within layouts/application
Rendering prayers/index
Rendered prayers/_search (0.1ms)
  [4;35;1mSQL (0.1ms)[0m   [0mSELECT count(*) AS count_all FROM "reminders" WHERE ("reminders".user_id = 4) [0m
  [4;36;1mReminder Load (0.2ms)[0m   [0;1mSELECT * FROM "reminders" WHERE ("reminders".user_id = 4) ORDER BY created_at DESC LIMIT 5[0m
  [4;35;1mPrayer Load (0.2ms)[0m   [0mSELECT * FROM "prayers" WHERE ("prayers"."id" = 25) AND ("prayers"."private" = 'f') ORDER BY created_at DESC LIMIT 10[0m
  [4;36;1mPrayer Load (0.2ms)[0m   [0;1mSELECT * FROM "prayers" WHERE ("prayers"."id" = 24) AND ("prayers"."private" = 'f') ORDER BY created_at DESC LIMIT 10[0m
Rendered reminders/_list_short (2.6ms)
Rendered reminders/_box (6.9ms)
Rendered prayers/_form (1.4ms)
  [4;35;1mUser Load (0.3ms)[0m   [0mSELECT * FROM "users" WHERE ("users"."id" = 4) ORDER BY created_at DESC[0m
Rendered prayers/_prayer (1.9ms)
  [4;36;1mCACHE (0.0ms)[0m   [0;1mSELECT * FROM "users" WHERE ("users"."id" = 4) ORDER BY created_at DESC[0m
Rendered prayers/_prayer (1.1ms)
Rendered layouts/_header (1.3ms)
Rendered layouts/_footer (0.2ms)
Completed in 44ms (View: 17, DB: 2) | 200 OK [http://localhost/]


Processing PrayersController#index (for 127.0.0.1 at 2010-04-01 16:51:04) [GET]
  Parameters: {"action"=>"index", "controller"=>"prayers"}
  [4;35;1mUser Load (0.2ms)[0m   [0mSELECT * FROM "users" WHERE ("users"."id" = '3') ORDER BY created_at DESC LIMIT 1[0m
  [4;36;1mUser Load (0.3ms)[0m   [0;1mSELECT * FROM "users" WHERE ("users"."id" = 4) ORDER BY created_at DESC LIMIT 1[0m
  [4;35;1mUser Update (0.3ms)[0m   [0mUPDATE "users" SET "updated_at" = '2010-04-01 23:51:04', "perishable_token" = '7RLwzpjR2P2Goj0bP6fP', "last_request_at" = '2010-04-01 23:51:04' WHERE "id" = 4[0m
[paperclip] Saving attachments.
  [4;36;1mPrayer Load (0.4ms)[0m   [0;1mSELECT * FROM "prayers" WHERE (prayer like '%%' AND answered like 'f' AND private = 'f') AND ("prayers"."private" = 'f') ORDER BY created_at DESC LIMIT 10 OFFSET 0[0m
Rendering template within layouts/application
Rendering prayers/index
Rendered prayers/_search (0.1ms)
  [4;35;1mSQL (0.2ms)[0m   [0mSELECT count(*) AS count_all FROM "reminders" WHERE ("reminders".user_id = 4) [0m
  [4;36;1mReminder Load (0.2ms)[0m   [0;1mSELECT * FROM "reminders" WHERE ("reminders".user_id = 4) ORDER BY created_at DESC LIMIT 5[0m
  [4;35;1mPrayer Load (0.2ms)[0m   [0mSELECT * FROM "prayers" WHERE ("prayers"."id" = 25) AND ("prayers"."private" = 'f') ORDER BY created_at DESC LIMIT 10[0m
  [4;36;1mPrayer Load (0.2ms)[0m   [0;1mSELECT * FROM "prayers" WHERE ("prayers"."id" = 24) AND ("prayers"."private" = 'f') ORDER BY created_at DESC LIMIT 10[0m
Rendered reminders/_list_short (2.6ms)
Rendered reminders/_box (7.1ms)
Rendered prayers/_form (1.5ms)
  [4;35;1mUser Load (0.3ms)[0m   [0mSELECT * FROM "users" WHERE ("users"."id" = 4) ORDER BY created_at DESC[0m
Rendered prayers/_prayer (2.0ms)
  [4;36;1mCACHE (0.0ms)[0m   [0;1mSELECT * FROM "users" WHERE ("users"."id" = 4) ORDER BY created_at DESC[0m
Rendered prayers/_prayer (1.1ms)
Rendered layouts/_header (1.4ms)
Rendered layouts/_footer (0.2ms)
Completed in 103ms (View: 17, DB: 2) | 200 OK [http://localhost/]


Processing RemindersController#index (for 127.0.0.1 at 2010-04-01 16:51:06) [GET]
  Parameters: {"action"=>"index", "controller"=>"reminders"}
  [4;35;1mUser Load (0.1ms)[0m   [0mSELECT * FROM "users" WHERE ("users"."id" = '3') ORDER BY created_at DESC LIMIT 1[0m
  [4;36;1mUser Load (0.3ms)[0m   [0;1mSELECT * FROM "users" WHERE ("users"."id" = 4) ORDER BY created_at DESC LIMIT 1[0m
  [4;35;1mUser Update (0.2ms)[0m   [0mUPDATE "users" SET "updated_at" = '2010-04-01 23:51:06', "perishable_token" = 'coAoVb3RJQQvw0_zefDq', "last_request_at" = '2010-04-01 23:51:06' WHERE "id" = 4[0m
[paperclip] Saving attachments.
Rendering template within layouts/application
Rendering reminders/index
  [4;36;1mReminder Load (0.3ms)[0m   [0;1mSELECT * FROM "reminders" WHERE ("reminders".user_id = 4) ORDER BY created_at DESC[0m
  [4;35;1mPrayer Load (0.2ms)[0m   [0mSELECT * FROM "prayers" WHERE ("prayers"."id" = 25) AND ("prayers"."private" = 'f') ORDER BY created_at DESC LIMIT 10[0m
  [4;36;1mPrayer Load (0.2ms)[0m   [0;1mSELECT * FROM "prayers" WHERE ("prayers"."id" = 24) AND ("prayers"."private" = 'f') ORDER BY created_at DESC LIMIT 10[0m
Rendered reminders/_list (11.0ms)
Rendered layouts/_header (1.5ms)
Rendered layouts/_footer (0.2ms)
Completed in 34ms (View: 13, DB: 1) | 200 OK [http://localhost/reminders]


Processing PrayersController#index (for 127.0.0.1 at 2010-04-01 16:51:24) [GET]
  Parameters: {"action"=>"index", "controller"=>"prayers"}
  [4;35;1mUser Load (0.2ms)[0m   [0mSELECT * FROM "users" WHERE ("users"."id" = '3') ORDER BY created_at DESC LIMIT 1[0m
  [4;36;1mUser Load (0.3ms)[0m   [0;1mSELECT * FROM "users" WHERE ("users"."id" = 4) ORDER BY created_at DESC LIMIT 1[0m
  [4;35;1mUser Update (0.3ms)[0m   [0mUPDATE "users" SET "updated_at" = '2010-04-01 23:51:24', "perishable_token" = 'VU5YwmxjT3D6EzQOPOPC', "last_request_at" = '2010-04-01 23:51:24' WHERE "id" = 4[0m
[paperclip] Saving attachments.
  [4;36;1mPrayer Load (0.4ms)[0m   [0;1mSELECT * FROM "prayers" WHERE (prayer like '%%' AND answered like 'f' AND private = 'f') AND ("prayers"."private" = 'f') ORDER BY created_at DESC LIMIT 10 OFFSET 0[0m
Rendering template within layouts/application
Rendering prayers/index
Rendered prayers/_search (0.1ms)
  [4;35;1mSQL (0.1ms)[0m   [0mSELECT count(*) AS count_all FROM "reminders" WHERE ("reminders".user_id = 4) [0m
  [4;36;1mReminder Load (0.2ms)[0m   [0;1mSELECT * FROM "reminders" WHERE ("reminders".user_id = 4) ORDER BY created_at DESC LIMIT 5[0m
  [4;35;1mPrayer Load (0.2ms)[0m   [0mSELECT * FROM "prayers" WHERE ("prayers"."id" = 25) AND ("prayers"."private" = 'f') ORDER BY created_at DESC LIMIT 10[0m
  [4;36;1mPrayer Load (0.2ms)[0m   [0;1mSELECT * FROM "prayers" WHERE ("prayers"."id" = 24) AND ("prayers"."private" = 'f') ORDER BY created_at DESC LIMIT 10[0m
Rendered reminders/_list_short (2.7ms)
Rendered reminders/_box (7.1ms)
Rendered prayers/_form (1.5ms)
  [4;35;1mUser Load (0.3ms)[0m   [0mSELECT * FROM "users" WHERE ("users"."id" = 4) ORDER BY created_at DESC[0m
Rendered prayers/_prayer (2.0ms)
  [4;36;1mCACHE (0.0ms)[0m   [0;1mSELECT * FROM "users" WHERE ("users"."id" = 4) ORDER BY created_at DESC[0m
Rendered prayers/_prayer (1.1ms)
Rendered layouts/_header (1.4ms)
Rendered layouts/_footer (0.2ms)
Completed in 45ms (View: 17, DB: 2) | 200 OK [http://localhost/prayers]


Processing RemindersController#index (for 127.0.0.1 at 2010-04-01 16:51:26) [GET]
  Parameters: {"action"=>"index", "controller"=>"reminders"}
  [4;35;1mUser Load (0.2ms)[0m   [0mSELECT * FROM "users" WHERE ("users"."id" = '3') ORDER BY created_at DESC LIMIT 1[0m
  [4;36;1mUser Load (0.3ms)[0m   [0;1mSELECT * FROM "users" WHERE ("users"."id" = 4) ORDER BY created_at DESC LIMIT 1[0m
  [4;35;1mUser Update (0.3ms)[0m   [0mUPDATE "users" SET "updated_at" = '2010-04-01 23:51:26', "perishable_token" = 'X4oLRGVNYWAud2ToNYyJ', "last_request_at" = '2010-04-01 23:51:26' WHERE "id" = 4[0m
[paperclip] Saving attachments.
Rendering template within layouts/application
Rendering reminders/index
  [4;36;1mReminder Load (0.4ms)[0m   [0;1mSELECT * FROM "reminders" WHERE ("reminders".user_id = 4) ORDER BY created_at DESC[0m
  [4;35;1mPrayer Load (0.2ms)[0m   [0mSELECT * FROM "prayers" WHERE ("prayers"."id" = 25) AND ("prayers"."private" = 'f') ORDER BY created_at DESC LIMIT 10[0m
  [4;36;1mPrayer Load (0.2ms)[0m   [0;1mSELECT * FROM "prayers" WHERE ("prayers"."id" = 24) AND ("prayers"."private" = 'f') ORDER BY created_at DESC LIMIT 10[0m
Rendered reminders/_list (13.6ms)
Rendered layouts/_header (1.6ms)
Rendered layouts/_footer (0.2ms)
Completed in 123ms (View: 16, DB: 2) | 200 OK [http://localhost/reminders]


Processing PrayersController#index (for 127.0.0.1 at 2010-04-01 16:51:29) [GET]
  Parameters: {"action"=>"index", "controller"=>"prayers"}
  [4;35;1mUser Load (0.2ms)[0m   [0mSELECT * FROM "users" WHERE ("users"."id" = '3') ORDER BY created_at DESC LIMIT 1[0m
  [4;36;1mUser Load (0.3ms)[0m   [0;1mSELECT * FROM "users" WHERE ("users"."id" = 4) ORDER BY created_at DESC LIMIT 1[0m
  [4;35;1mUser Update (0.5ms)[0m   [0mUPDATE "users" SET "updated_at" = '2010-04-01 23:51:29', "perishable_token" = '8lCiL8smWFXP151UWcTd', "last_request_at" = '2010-04-01 23:51:29' WHERE "id" = 4[0m
[paperclip] Saving attachments.
  [4;36;1mPrayer Load (0.3ms)[0m   [0;1mSELECT * FROM "prayers" WHERE (prayer like '%%' AND answered like 'f' AND private = 'f') AND ("prayers"."private" = 'f') ORDER BY created_at DESC LIMIT 10 OFFSET 0[0m
Rendering template within layouts/application
Rendering prayers/index
Rendered prayers/_search (0.1ms)
  [4;35;1mSQL (0.1ms)[0m   [0mSELECT count(*) AS count_all FROM "reminders" WHERE ("reminders".user_id = 4) [0m
  [4;36;1mReminder Load (0.2ms)[0m   [0;1mSELECT * FROM "reminders" WHERE ("reminders".user_id = 4) ORDER BY created_at DESC LIMIT 5[0m
  [4;35;1mPrayer Load (0.2ms)[0m   [0mSELECT * FROM "prayers" WHERE ("prayers"."id" = 25) AND ("prayers"."private" = 'f') ORDER BY created_at DESC LIMIT 10[0m
  [4;36;1mPrayer Load (0.2ms)[0m   [0;1mSELECT * FROM "prayers" WHERE ("prayers"."id" = 24) AND ("prayers"."private" = 'f') ORDER BY created_at DESC LIMIT 10[0m
Rendered reminders/_list_short (2.5ms)
Rendered reminders/_box (6.3ms)
Rendered prayers/_form (1.5ms)
  [4;35;1mUser Load (0.3ms)[0m   [0mSELECT * FROM "users" WHERE ("users"."id" = 4) ORDER BY created_at DESC[0m
Rendered prayers/_prayer (54.4ms)
  [4;36;1mCACHE (0.0ms)[0m   [0;1mSELECT * FROM "users" WHERE ("users"."id" = 4) ORDER BY created_at DESC[0m
Rendered prayers/_prayer (1.7ms)
Rendered layouts/_header (1.4ms)
Rendered layouts/_footer (0.2ms)
Completed in 99ms (View: 73, DB: 2) | 200 OK [http://localhost/prayers]


Processing PrayersController#index (for 127.0.0.1 at 2010-04-01 16:51:53) [GET]
  Parameters: {"action"=>"index", "controller"=>"prayers"}
  [4;35;1mUser Load (0.2ms)[0m   [0mSELECT * FROM "users" WHERE ("users"."id" = '3') ORDER BY created_at DESC LIMIT 1[0m
  [4;36;1mUser Load (0.3ms)[0m   [0;1mSELECT * FROM "users" WHERE ("users"."id" = 4) ORDER BY created_at DESC LIMIT 1[0m
  [4;35;1mUser Update (0.3ms)[0m   [0mUPDATE "users" SET "updated_at" = '2010-04-01 23:51:53', "perishable_token" = 'CFDokRW-kbGh47suMDcO', "last_request_at" = '2010-04-01 23:51:53' WHERE "id" = 4[0m
[paperclip] Saving attachments.
  [4;36;1mPrayer Load (0.3ms)[0m   [0;1mSELECT * FROM "prayers" WHERE (prayer like '%%' AND answered like 'f' AND private = 'f') AND ("prayers"."private" = 'f') ORDER BY created_at DESC LIMIT 10 OFFSET 0[0m
Rendering template within layouts/application
Rendering prayers/index
Rendered prayers/_search (0.1ms)
  [4;35;1mSQL (0.1ms)[0m   [0mSELECT count(*) AS count_all FROM "reminders" WHERE ("reminders".user_id = 4) [0m
  [4;36;1mReminder Load (0.2ms)[0m   [0;1mSELECT * FROM "reminders" WHERE ("reminders".user_id = 4) ORDER BY created_at DESC LIMIT 5[0m
  [4;35;1mPrayer Load (0.2ms)[0m   [0mSELECT * FROM "prayers" WHERE ("prayers"."id" = 25) AND ("prayers"."private" = 'f') ORDER BY created_at DESC LIMIT 10[0m
  [4;36;1mPrayer Load (0.2ms)[0m   [0;1mSELECT * FROM "prayers" WHERE ("prayers"."id" = 24) AND ("prayers"."private" = 'f') ORDER BY created_at DESC LIMIT 10[0m
Rendered reminders/_list_short (2.6ms)
Rendered reminders/_box (6.5ms)
Rendered prayers/_form (1.4ms)
  [4;35;1mUser Load (0.3ms)[0m   [0mSELECT * FROM "users" WHERE ("users"."id" = 4) ORDER BY created_at DESC[0m
Rendered prayers/_prayer (1.8ms)
  [4;36;1mCACHE (0.0ms)[0m   [0;1mSELECT * FROM "users" WHERE ("users"."id" = 4) ORDER BY created_at DESC[0m
Rendered prayers/_prayer (1.1ms)
Rendered layouts/_header (2.4ms)
Rendered layouts/_footer (0.2ms)
Completed in 43ms (View: 17, DB: 2) | 200 OK [http://localhost/prayers]


Processing RemindersController#index (for 127.0.0.1 at 2010-04-01 16:51:54) [GET]
  Parameters: {"action"=>"index", "controller"=>"reminders"}
  [4;35;1mUser Load (0.2ms)[0m   [0mSELECT * FROM "users" WHERE ("users"."id" = '3') ORDER BY created_at DESC LIMIT 1[0m
  [4;36;1mUser Load (0.3ms)[0m   [0;1mSELECT * FROM "users" WHERE ("users"."id" = 4) ORDER BY created_at DESC LIMIT 1[0m
  [4;35;1mUser Update (0.3ms)[0m   [0mUPDATE "users" SET "updated_at" = '2010-04-01 23:51:54', "perishable_token" = 'vr1ZcezCZzyqpXVVofil', "last_request_at" = '2010-04-01 23:51:54' WHERE "id" = 4[0m
[paperclip] Saving attachments.
Rendering template within layouts/application
Rendering reminders/index
  [4;36;1mReminder Load (0.3ms)[0m   [0;1mSELECT * FROM "reminders" WHERE ("reminders".user_id = 4) ORDER BY created_at DESC[0m
  [4;35;1mPrayer Load (0.2ms)[0m   [0mSELECT * FROM "prayers" WHERE ("prayers"."id" = 25) AND ("prayers"."private" = 'f') ORDER BY created_at DESC LIMIT 10[0m
  [4;36;1mPrayer Load (0.2ms)[0m   [0;1mSELECT * FROM "prayers" WHERE ("prayers"."id" = 24) AND ("prayers"."private" = 'f') ORDER BY created_at DESC LIMIT 10[0m
Rendered reminders/_list (11.4ms)
Rendered layouts/_header (1.7ms)
Rendered layouts/_footer (0.2ms)
Completed in 98ms (View: 14, DB: 1) | 200 OK [http://localhost/reminders]


Processing PrayersController#index (for 127.0.0.1 at 2010-04-01 16:52:00) [GET]
  Parameters: {"action"=>"index", "controller"=>"prayers"}
  [4;35;1mUser Load (0.2ms)[0m   [0mSELECT * FROM "users" WHERE ("users"."id" = '3') ORDER BY created_at DESC LIMIT 1[0m
  [4;36;1mUser Load (0.3ms)[0m   [0;1mSELECT * FROM "users" WHERE ("users"."id" = 4) ORDER BY created_at DESC LIMIT 1[0m
  [4;35;1mUser Update (0.5ms)[0m   [0mUPDATE "users" SET "updated_at" = '2010-04-01 23:52:00', "perishable_token" = 'Ar6SDZEXD3AS_ikU7jfV', "last_request_at" = '2010-04-01 23:52:00' WHERE "id" = 4[0m
[paperclip] Saving attachments.
  [4;36;1mPrayer Load (0.4ms)[0m   [0;1mSELECT * FROM "prayers" WHERE (prayer like '%%' AND answered like 'f' AND private = 'f') AND ("prayers"."private" = 'f') ORDER BY created_at DESC LIMIT 10 OFFSET 0[0m
Rendering template within layouts/application
Rendering prayers/index
Rendered prayers/_search (0.1ms)
  [4;35;1mSQL (0.2ms)[0m   [0mSELECT count(*) AS count_all FROM "reminders" WHERE ("reminders".user_id = 4) [0m
  [4;36;1mReminder Load (0.2ms)[0m   [0;1mSELECT * FROM "reminders" WHERE ("reminders".user_id = 4) ORDER BY created_at DESC LIMIT 5[0m
  [4;35;1mPrayer Load (0.2ms)[0m   [0mSELECT * FROM "prayers" WHERE ("prayers"."id" = 25) AND ("prayers"."private" = 'f') ORDER BY created_at DESC LIMIT 10[0m
  [4;36;1mPrayer Load (0.2ms)[0m   [0;1mSELECT * FROM "prayers" WHERE ("prayers"."id" = 24) AND ("prayers"."private" = 'f') ORDER BY created_at DESC LIMIT 10[0m
Rendered reminders/_list_short (2.7ms)
Rendered reminders/_box (63.7ms)
Rendered prayers/_form (1.6ms)
  [4;35;1mUser Load (0.3ms)[0m   [0mSELECT * FROM "users" WHERE ("users"."id" = 4) ORDER BY created_at DESC[0m
Rendered prayers/_prayer (2.0ms)
  [4;36;1mCACHE (0.0ms)[0m   [0;1mSELECT * FROM "users" WHERE ("users"."id" = 4) ORDER BY created_at DESC[0m
Rendered prayers/_prayer (1.1ms)
Rendered layouts/_header (1.6ms)
Rendered layouts/_footer (0.2ms)
Completed in 99ms (View: 72, DB: 2) | 200 OK [http://localhost/prayers]


Processing RemindersController#index (for 127.0.0.1 at 2010-04-01 16:52:02) [GET]
  Parameters: {"action"=>"index", "controller"=>"reminders"}
  [4;35;1mUser Load (0.2ms)[0m   [0mSELECT * FROM "users" WHERE ("users"."id" = '3') ORDER BY created_at DESC LIMIT 1[0m
  [4;36;1mUser Load (0.3ms)[0m   [0;1mSELECT * FROM "users" WHERE ("users"."id" = 4) ORDER BY created_at DESC LIMIT 1[0m
  [4;35;1mUser Update (0.2ms)[0m   [0mUPDATE "users" SET "updated_at" = '2010-04-01 23:52:02', "perishable_token" = 'S_bgO_FlRKoNJ0YYSjCr', "last_request_at" = '2010-04-01 23:52:02' WHERE "id" = 4[0m
[paperclip] Saving attachments.
Rendering template within layouts/application
Rendering reminders/index
  [4;36;1mReminder Load (0.3ms)[0m   [0;1mSELECT * FROM "reminders" WHERE ("reminders".user_id = 4) ORDER BY created_at DESC[0m
  [4;35;1mPrayer Load (0.2ms)[0m   [0mSELECT * FROM "prayers" WHERE ("prayers"."id" = 25) AND ("prayers"."private" = 'f') ORDER BY created_at DESC LIMIT 10[0m
  [4;36;1mPrayer Load (0.2ms)[0m   [0;1mSELECT * FROM "prayers" WHERE ("prayers"."id" = 24) AND ("prayers"."private" = 'f') ORDER BY created_at DESC LIMIT 10[0m
Rendered reminders/_list (10.9ms)
Rendered layouts/_header (1.5ms)
Rendered layouts/_footer (0.2ms)
Completed in 34ms (View: 13, DB: 1) | 200 OK [http://localhost/reminders]


Processing UsersController#edit (for 127.0.0.1 at 2010-04-01 16:52:04) [GET]
  Parameters: {"action"=>"edit", "controller"=>"users"}
  [4;35;1mUser Load (0.2ms)[0m   [0mSELECT * FROM "users" WHERE ("users"."id" = '3') ORDER BY created_at DESC LIMIT 1[0m
  [4;36;1mUser Load (0.3ms)[0m   [0;1mSELECT * FROM "users" WHERE ("users"."id" = 4) ORDER BY created_at DESC LIMIT 1[0m
  [4;35;1mUser Update (0.3ms)[0m   [0mUPDATE "users" SET "updated_at" = '2010-04-01 23:52:04', "perishable_token" = 'WB6dRrr5NDI0wcu5nqeA', "last_request_at" = '2010-04-01 23:52:04' WHERE "id" = 4[0m
[paperclip] Saving attachments.
Rendering template within layouts/application
Rendering users/edit
Rendered users/_settings (0.6ms)
Rendered layouts/_header (1.4ms)
Rendered layouts/_footer (0.2ms)
Completed in 99ms (View: 16, DB: 1) | 200 OK [http://localhost/account]


Processing PrayersController#index (for 127.0.0.1 at 2010-04-01 16:52:11) [GET]
  Parameters: {"action"=>"index", "controller"=>"prayers"}
  [4;36;1mUser Load (0.1ms)[0m   [0;1mSELECT * FROM "users" WHERE ("users"."id" = '3') ORDER BY created_at DESC LIMIT 1[0m
  [4;35;1mUser Load (0.3ms)[0m   [0mSELECT * FROM "users" WHERE ("users"."id" = 4) ORDER BY created_at DESC LIMIT 1[0m
  [4;36;1mUser Update (0.2ms)[0m   [0;1mUPDATE "users" SET "updated_at" = '2010-04-01 23:52:11', "perishable_token" = 'LBG3SrsWo_0vusyXijBV', "last_request_at" = '2010-04-01 23:52:11' WHERE "id" = 4[0m
[paperclip] Saving attachments.
  [4;35;1mPrayer Load (0.3ms)[0m   [0mSELECT * FROM "prayers" WHERE (prayer like '%%' AND answered like 'f' AND private = 'f') AND ("prayers"."private" = 'f') ORDER BY created_at DESC LIMIT 10 OFFSET 0[0m
Rendering template within layouts/application
Rendering prayers/index
Rendered prayers/_search (0.1ms)
  [4;36;1mSQL (0.1ms)[0m   [0;1mSELECT count(*) AS count_all FROM "reminders" WHERE ("reminders".user_id = 4) [0m
  [4;35;1mReminder Load (0.2ms)[0m   [0mSELECT * FROM "reminders" WHERE ("reminders".user_id = 4) ORDER BY created_at DESC LIMIT 5[0m
  [4;36;1mPrayer Load (0.2ms)[0m   [0;1mSELECT * FROM "prayers" WHERE ("prayers"."id" = 25) AND ("prayers"."private" = 'f') ORDER BY created_at DESC LIMIT 10[0m
  [4;35;1mPrayer Load (0.2ms)[0m   [0mSELECT * FROM "prayers" WHERE ("prayers"."id" = 24) AND ("prayers"."private" = 'f') ORDER BY created_at DESC LIMIT 10[0m
Rendered reminders/_list_short (2.5ms)
Rendered reminders/_box (6.3ms)
Rendered prayers/_form (1.8ms)
  [4;36;1mUser Load (0.4ms)[0m   [0;1mSELECT * FROM "users" WHERE ("users"."id" = 4) ORDER BY created_at DESC[0m
Rendered prayers/_prayer (2.2ms)
  [4;35;1mCACHE (0.0ms)[0m   [0mSELECT * FROM "users" WHERE ("users"."id" = 4) ORDER BY created_at DESC[0m
Rendered prayers/_prayer (1.1ms)
Rendered layouts/_header (1.5ms)
Rendered layouts/_footer (0.2ms)
Completed in 98ms (View: 72, DB: 2) | 200 OK [http://localhost/prayers]


Processing RemindersController#index (for 127.0.0.1 at 2010-04-01 16:52:11) [GET]
  Parameters: {"action"=>"index", "controller"=>"reminders"}
  [4;36;1mUser Load (0.1ms)[0m   [0;1mSELECT * FROM "users" WHERE ("users"."id" = '3') ORDER BY created_at DESC LIMIT 1[0m
  [4;35;1mUser Load (0.3ms)[0m   [0mSELECT * FROM "users" WHERE ("users"."id" = 4) ORDER BY created_at DESC LIMIT 1[0m
  [4;36;1mUser Update (0.2ms)[0m   [0;1mUPDATE "users" SET "updated_at" = '2010-04-01 23:52:11', "perishable_token" = 'mNxq2lBgNSy8rxybCzTi', "last_request_at" = '2010-04-01 23:52:11' WHERE "id" = 4[0m
[paperclip] Saving attachments.
Rendering template within layouts/application
Rendering reminders/index
  [4;35;1mReminder Load (0.3ms)[0m   [0mSELECT * FROM "reminders" WHERE ("reminders".user_id = 4) ORDER BY created_at DESC[0m
  [4;36;1mPrayer Load (0.2ms)[0m   [0;1mSELECT * FROM "prayers" WHERE ("prayers"."id" = 25) AND ("prayers"."private" = 'f') ORDER BY created_at DESC LIMIT 10[0m
  [4;35;1mPrayer Load (0.2ms)[0m   [0mSELECT * FROM "prayers" WHERE ("prayers"."id" = 24) AND ("prayers"."private" = 'f') ORDER BY created_at DESC LIMIT 10[0m
Rendered reminders/_list (11.0ms)
Rendered layouts/_header (1.5ms)
Rendered layouts/_footer (0.2ms)
Completed in 34ms (View: 13, DB: 1) | 200 OK [http://localhost/reminders]


Processing PrayersController#index (for 127.0.0.1 at 2010-04-01 16:53:49) [GET]
  Parameters: {"action"=>"index", "controller"=>"prayers"}
  [4;36;1mUser Load (0.2ms)[0m   [0;1mSELECT * FROM "users" WHERE ("users"."id" = '3') ORDER BY created_at DESC LIMIT 1[0m
  [4;35;1mUser Load (0.3ms)[0m   [0mSELECT * FROM "users" WHERE ("users"."id" = 4) ORDER BY created_at DESC LIMIT 1[0m
  [4;36;1mUser Update (0.3ms)[0m   [0;1mUPDATE "users" SET "updated_at" = '2010-04-01 23:53:49', "perishable_token" = '8TLqF-xNOF2xqsF3cJy1', "last_request_at" = '2010-04-01 23:53:49' WHERE "id" = 4[0m
[paperclip] Saving attachments.
  [4;35;1mPrayer Load (0.4ms)[0m   [0mSELECT * FROM "prayers" WHERE (prayer like '%%' AND answered like 'f' AND private = 'f') AND ("prayers"."private" = 'f') ORDER BY created_at DESC LIMIT 10 OFFSET 0[0m
Rendering template within layouts/application
Rendering prayers/index
Rendered prayers/_search (0.1ms)
  [4;36;1mSQL (0.1ms)[0m   [0;1mSELECT count(*) AS count_all FROM "reminders" WHERE ("reminders".user_id = 4) [0m
  [4;35;1mReminder Load (0.2ms)[0m   [0mSELECT * FROM "reminders" WHERE ("reminders".user_id = 4) ORDER BY created_at DESC LIMIT 5[0m
  [4;36;1mPrayer Load (0.2ms)[0m   [0;1mSELECT * FROM "prayers" WHERE ("prayers"."id" = 25) AND ("prayers"."private" = 'f') ORDER BY created_at DESC LIMIT 10[0m
  [4;35;1mPrayer Load (0.2ms)[0m   [0mSELECT * FROM "prayers" WHERE ("prayers"."id" = 24) AND ("prayers"."private" = 'f') ORDER BY created_at DESC LIMIT 10[0m
Rendered reminders/_list_short (2.7ms)
Rendered reminders/_box (6.7ms)
Rendered prayers/_form (1.5ms)
  [4;36;1mUser Load (0.3ms)[0m   [0;1mSELECT * FROM "users" WHERE ("users"."id" = 4) ORDER BY created_at DESC[0m
Rendered prayers/_prayer (1.9ms)
  [4;35;1mCACHE (0.0ms)[0m   [0mSELECT * FROM "users" WHERE ("users"."id" = 4) ORDER BY created_at DESC[0m
Rendered prayers/_prayer (1.1ms)
Rendered layouts/_header (1.5ms)
Rendered layouts/_footer (0.2ms)
Completed in 103ms (View: 14, DB: 2) | 200 OK [http://localhost/prayers]
