** Daemonized, any open files are closed.  Look at log/mongrel.pid and log/mongrel.log for info.
** Starting Mongrel listening at 0.0.0.0:3000
** Starting Rails with development environment...
/usr/local/lib/ruby/gems/1.8/gems/rails-2.3.5/lib/rails/gem_dependency.rb:119:Warning: Gem::Dependency#version_requirements is deprecated and will be removed on or after August 2010.  Use #requirement
** Rails loaded.
** Loading any Rails specific GemPlugins
** Signals ready.  TERM => stop.  USR2 => restart.  INT => stop (no restart).
** Rails signals registered.  HUP => reload (without restart).  It might not work well.
** Mongrel 1.1.5 available at 0.0.0.0:3000
** Writing PID file to log/mongrel.pid
** TERM signal received.
** Daemonized, any open files are closed.  Look at log/mongrel.pid and log/mongrel.log for info.
** Starting Mongrel listening at 0.0.0.0:3000
** Starting Rails with development environment...
/usr/local/lib/ruby/gems/1.8/gems/rails-2.3.5/lib/rails/gem_dependency.rb:119:Warning: Gem::Dependency#version_requirements is deprecated and will be removed on or after August 2010.  Use #requirement
** Rails loaded.
** Loading any Rails specific GemPlugins
** Signals ready.  TERM => stop.  USR2 => restart.  INT => stop (no restart).
** Rails signals registered.  HUP => reload (without restart).  It might not work well.
** Mongrel 1.1.5 available at 0.0.0.0:3000
** Writing PID file to log/mongrel.pid
** TERM signal received.
** Daemonized, any open files are closed.  Look at log/mongrel.pid and log/mongrel.log for info.
** Starting Mongrel listening at 0.0.0.0:3000
** Starting Rails with development environment...
/usr/local/lib/ruby/gems/1.8/gems/rails-2.3.5/lib/rails/gem_dependency.rb:119:Warning: Gem::Dependency#version_requirements is deprecated and will be removed on or after August 2010.  Use #requirement
** Rails loaded.
** Loading any Rails specific GemPlugins
** Signals ready.  TERM => stop.  USR2 => restart.  INT => stop (no restart).
** Rails signals registered.  HUP => reload (without restart).  It might not work well.
** Mongrel 1.1.5 available at 0.0.0.0:3000
** Writing PID file to log/mongrel.pid
** TERM signal received.
** Daemonized, any open files are closed.  Look at log/mongrel.pid and log/mongrel.log for info.
** Starting Mongrel listening at 0.0.0.0:3000
** Starting Rails with development environment...
/usr/local/lib/ruby/gems/1.8/gems/rails-2.3.5/lib/rails/gem_dependency.rb:119:Warning: Gem::Dependency#version_requirements is deprecated and will be removed on or after August 2010.  Use #requirement
** Rails loaded.
** Loading any Rails specific GemPlugins
** Signals ready.  TERM => stop.  USR2 => restart.  INT => stop (no restart).
** Rails signals registered.  HUP => reload (without restart).  It might not work well.
** Mongrel 1.1.5 available at 0.0.0.0:3000
** Writing PID file to log/mongrel.pid
** TERM signal received.
